Creating directory: results
Creating directory: results/checkpoints
Current Config: {'lr': 0.01, 'wd': 0.0001, 'epochs': 200}
Achieved New Best Acc: 0.5929628148740503
Epoch: 0, Train Acc: 0.5273919324369374,  Train Loss: 1.314217719766829
Epoch: 0, Val Acc: 0.5929628148740503,  Val Loss: 1.187054282426834, BEST ACC:0.5929628148740503
Achieved New Best Acc: 0.7391043582566973
Epoch: 1, Train Acc: 0.7486387376375153,  Train Loss: 0.6759825083944533
Epoch: 1, Val Acc: 0.7391043582566973,  Val Loss: 0.731123235821724, BEST ACC:0.7391043582566973
Achieved New Best Acc: 0.8296681327469012
Epoch: 2, Train Acc: 0.8104233803755972,  Train Loss: 0.5222494469748603
Epoch: 2, Val Acc: 0.8296681327469012,  Val Loss: 0.4755746975541114, BEST ACC:0.8296681327469012
Achieved New Best Acc: 0.8464614154338265
Epoch: 3, Train Acc: 0.8429825536170685,  Train Loss: 0.43730368547969395
Epoch: 3, Val Acc: 0.8464614154338265,  Val Loss: 0.4286021664738655, BEST ACC:0.8464614154338265
Achieved New Best Acc: 0.86015593762495
Epoch: 4, Train Acc: 0.8616512945882876,  Train Loss: 0.3784477876292335
Epoch: 4, Val Acc: 0.86015593762495,  Val Loss: 0.3940440058708191, BEST ACC:0.86015593762495
Achieved New Best Acc: 0.8706517393042783
Epoch: 5, Train Acc: 0.8736526280697855,  Train Loss: 0.34657065239217544
Epoch: 5, Val Acc: 0.8706517393042783,  Val Loss: 0.364699912071228, BEST ACC:0.8706517393042783
Achieved New Best Acc: 0.8793482606957217
Epoch: 6, Train Acc: 0.8867651961329036,  Train Loss: 0.3108428484863705
Epoch: 6, Val Acc: 0.8793482606957217,  Val Loss: 0.3473493739962577, BEST ACC:0.8793482606957217
Epoch: 7, Train Acc: 0.8924324924991666,  Train Loss: 0.2943164341979557
Epoch: 7, Val Acc: 0.8746501399440224,  Val Loss: 0.3673246085643769, BEST ACC:0.8793482606957217
Epoch: 8, Train Acc: 0.9026558506500723,  Train Loss: 0.2694189598162969
Epoch: 8, Val Acc: 0.8661535385845661,  Val Loss: 0.42007139772176744, BEST ACC:0.8793482606957217
Achieved New Best Acc: 0.8875449820071971
Epoch: 9, Train Acc: 0.9112123569285476,  Train Loss: 0.25056618369287914
Epoch: 9, Val Acc: 0.8875449820071971,  Val Loss: 0.3230246022343636, BEST ACC:0.8875449820071971
Epoch: 10, Train Acc: 0.9193243693743749,  Train Loss: 0.22424258043368653
Epoch: 10, Val Acc: 0.8813474610155938,  Val Loss: 0.3447688072919846, BEST ACC:0.8875449820071971
Epoch: 11, Train Acc: 0.9251027891987998,  Train Loss: 0.21666702379782998
Epoch: 11, Val Acc: 0.8689524190323871,  Val Loss: 0.3996282175183297, BEST ACC:0.8875449820071971
Achieved New Best Acc: 0.8938424630147941
Epoch: 12, Train Acc: 0.9248805422824758,  Train Loss: 0.21608965512779021
Epoch: 12, Val Acc: 0.8938424630147941,  Val Loss: 0.3166663497686386, BEST ACC:0.8938424630147941
Achieved New Best Acc: 0.8969412235105958
Epoch: 13, Train Acc: 0.9284364929436604,  Train Loss: 0.1938870946566264
Epoch: 13, Val Acc: 0.8969412235105958,  Val Loss: 0.30675615668296813, BEST ACC:0.8969412235105958
Achieved New Best Acc: 0.9045381847261096
Epoch: 14, Train Acc: 0.9336592954772752,  Train Loss: 0.18341875821352005
Epoch: 14, Val Acc: 0.9045381847261096,  Val Loss: 0.3073248349130154, BEST ACC:0.9045381847261096
Epoch: 15, Train Acc: 0.9362151350150016,  Train Loss: 0.17463815957307813
Epoch: 15, Val Acc: 0.8864454218312675,  Val Loss: 0.34461772292852405, BEST ACC:0.9045381847261096
Epoch: 16, Train Acc: 0.9417713079231026,  Train Loss: 0.16474651503894067
Epoch: 16, Val Acc: 0.8760495801679328,  Val Loss: 0.3986334696412087, BEST ACC:0.9045381847261096
Epoch: 17, Train Acc: 0.944771641293477,  Train Loss: 0.15466605292426214
Epoch: 17, Val Acc: 0.8947421031587365,  Val Loss: 0.34149509817361834, BEST ACC:0.9045381847261096
Epoch: 18, Train Acc: 0.9463273697077453,  Train Loss: 0.14547424722048974
Epoch: 18, Val Acc: 0.9015393842463015,  Val Loss: 0.31494776606559755, BEST ACC:0.9045381847261096
Epoch: 19, Train Acc: 0.9476608512056895,  Train Loss: 0.14002981161077818
Epoch: 19, Val Acc: 0.885045981607357,  Val Loss: 0.3815883681178093, BEST ACC:0.9045381847261096
Epoch: 20, Train Acc: 0.950661184576064,  Train Loss: 0.13207777796520126
Epoch: 20, Val Acc: 0.9016393442622951,  Val Loss: 0.3247442089021206, BEST ACC:0.9045381847261096
Achieved New Best Acc: 0.9090363854458217
Epoch: 21, Train Acc: 0.9582175797310812,  Train Loss: 0.11978315437833469
Epoch: 21, Val Acc: 0.9090363854458217,  Val Loss: 0.30037554278969764, BEST ACC:0.9090363854458217
Achieved New Best Acc: 0.9136345461815274
Epoch: 22, Train Acc: 0.9558839871096788,  Train Loss: 0.12323045399453905
Epoch: 22, Val Acc: 0.9136345461815274,  Val Loss: 0.2808458738029003, BEST ACC:0.9136345461815274
Epoch: 23, Train Acc: 0.9592176908545393,  Train Loss: 0.11413824930787089
Epoch: 23, Val Acc: 0.8954418232706918,  Val Loss: 0.34918360561132433, BEST ACC:0.9136345461815274
Epoch: 24, Train Acc: 0.9579953328147572,  Train Loss: 0.12145340442657472
Epoch: 24, Val Acc: 0.9118352658936425,  Val Loss: 0.2931000851094723, BEST ACC:0.9136345461815274
Epoch: 25, Train Acc: 0.962662518057562,  Train Loss: 0.10267080076866678
Epoch: 25, Val Acc: 0.8901439424230307,  Val Loss: 0.4027604192495346, BEST ACC:0.9136345461815274
Epoch: 26, Train Acc: 0.9646627403044783,  Train Loss: 0.09754079538914892
Epoch: 26, Val Acc: 0.8914434226309477,  Val Loss: 0.37353032678365705, BEST ACC:0.9136345461815274
Epoch: 27, Train Acc: 0.9621069007667519,  Train Loss: 0.10376424839099246
Epoch: 27, Val Acc: 0.899140343862455,  Val Loss: 0.3860786676406861, BEST ACC:0.9136345461815274
Epoch: 28, Train Acc: 0.9666629625513946,  Train Loss: 0.09422063310113217
Epoch: 28, Val Acc: 0.9100359856057577,  Val Loss: 0.3171469300985336, BEST ACC:0.9136345461815274
Achieved New Best Acc: 0.9160335865653738
Epoch: 29, Train Acc: 0.9666629625513946,  Train Loss: 0.09418902670343715
Epoch: 29, Val Acc: 0.9160335865653738,  Val Loss: 0.29118883609771734, BEST ACC:0.9160335865653738
Epoch: 30, Train Acc: 0.9707745305033892,  Train Loss: 0.07795651691655317
Epoch: 30, Val Acc: 0.912734906037585,  Val Loss: 0.30884665846824644, BEST ACC:0.9160335865653738
Epoch: 31, Train Acc: 0.9722191354594955,  Train Loss: 0.08015999922321901
Epoch: 31, Val Acc: 0.9012395041983207,  Val Loss: 0.35350906252861025, BEST ACC:0.9160335865653738
Epoch: 32, Train Acc: 0.9741082342482498,  Train Loss: 0.07454521891971429
Epoch: 32, Val Acc: 0.9083366653338665,  Val Loss: 0.31944963335990906, BEST ACC:0.9160335865653738
Epoch: 33, Train Acc: 0.9727747527503056,  Train Loss: 0.07826786964303917
Epoch: 33, Val Acc: 0.9012395041983207,  Val Loss: 0.3517029538750649, BEST ACC:0.9160335865653738
Epoch: 34, Train Acc: 0.9726636292921436,  Train Loss: 0.07474877250691256
Epoch: 34, Val Acc: 0.9007397041183527,  Val Loss: 0.36264812499284743, BEST ACC:0.9160335865653738
Epoch: 35, Train Acc: 0.9755528392043561,  Train Loss: 0.06307877144879766
Epoch: 35, Val Acc: 0.9052379048380648,  Val Loss: 0.35725685209035873, BEST ACC:0.9160335865653738
Epoch: 36, Train Acc: 0.9766640737859762,  Train Loss: 0.0662634279578924
Epoch: 36, Val Acc: 0.8845461815273891,  Val Loss: 0.4362511649727821, BEST ACC:0.9160335865653738
Epoch: 37, Train Acc: 0.9783309256584065,  Train Loss: 0.06444764333880611
Epoch: 37, Val Acc: 0.9083366653338665,  Val Loss: 0.3583400681614876, BEST ACC:0.9160335865653738
Achieved New Best Acc: 0.9161335465813675
Epoch: 38, Train Acc: 0.9801089009889988,  Train Loss: 0.05754649287296667
Epoch: 38, Val Acc: 0.9161335465813675,  Val Loss: 0.31126329079270365, BEST ACC:0.9161335465813675
Epoch: 39, Train Acc: 0.9804422713634848,  Train Loss: 0.05385031395902236
Epoch: 39, Val Acc: 0.9041383446621352,  Val Loss: 0.35020659714937213, BEST ACC:0.9161335465813675
Epoch: 40, Train Acc: 0.9794421602400266,  Train Loss: 0.05627213190827106
Epoch: 40, Val Acc: 0.9141343462614954,  Val Loss: 0.3318779587745666, BEST ACC:0.9161335465813675
Epoch: 41, Train Acc: 0.9795532836981887,  Train Loss: 0.05827362452530198
Epoch: 41, Val Acc: 0.880547780887645,  Val Loss: 0.4751716315746307, BEST ACC:0.9161335465813675
Epoch: 42, Train Acc: 0.9806645182798088,  Train Loss: 0.0567247277746598
Epoch: 42, Val Acc: 0.8984406237504998,  Val Loss: 0.43610125631093977, BEST ACC:0.9161335465813675
Epoch: 43, Train Acc: 0.9809978886542949,  Train Loss: 0.05429379166000419
Epoch: 43, Val Acc: 0.9109356257497001,  Val Loss: 0.33591337949037553, BEST ACC:0.9161335465813675
Achieved New Best Acc: 0.9181327469012395
Epoch: 44, Train Acc: 0.9825536170685631,  Train Loss: 0.048492577961749495
Epoch: 44, Val Acc: 0.9181327469012395,  Val Loss: 0.3081878259778023, BEST ACC:0.9181327469012395
Epoch: 45, Train Acc: 0.9858873208134237,  Train Loss: 0.04514757750762833
Epoch: 45, Val Acc: 0.9143342662934826,  Val Loss: 0.3521000355482102, BEST ACC:0.9181327469012395
Achieved New Best Acc: 0.9212315073970412
Epoch: 46, Train Acc: 0.9853317035226137,  Train Loss: 0.04190163459214899
Epoch: 46, Val Acc: 0.9212315073970412,  Val Loss: 0.30284993574023256, BEST ACC:0.9212315073970412
Epoch: 47, Train Acc: 0.9854428269807757,  Train Loss: 0.04438865888449881
Epoch: 47, Val Acc: 0.9183326669332267,  Val Loss: 0.3152842797338962, BEST ACC:0.9212315073970412
Epoch: 48, Train Acc: 0.9852205800644516,  Train Loss: 0.03929504193365574
Epoch: 48, Val Acc: 0.9070371851259497,  Val Loss: 0.3717158481478691, BEST ACC:0.9212315073970412
Epoch: 49, Train Acc: 0.9847760862318036,  Train Loss: 0.044591727666556835
Epoch: 49, Val Acc: 0.9139344262295082,  Val Loss: 0.33534348979592327, BEST ACC:0.9212315073970412
Epoch: 50, Train Acc: 0.9849983331481276,  Train Loss: 0.04538974610881672
Epoch: 50, Val Acc: 0.9135345861655337,  Val Loss: 0.33807452097535134, BEST ACC:0.9212315073970412
Epoch: 51, Train Acc: 0.9855539504389377,  Train Loss: 0.04501317886428701
Epoch: 51, Val Acc: 0.9164334266293482,  Val Loss: 0.33198349252343173, BEST ACC:0.9212315073970412
Epoch: 52, Train Acc: 0.9844427158573175,  Train Loss: 0.044033765482405826
Epoch: 52, Val Acc: 0.9071371451419432,  Val Loss: 0.38171329051256175, BEST ACC:0.9212315073970412
Epoch: 53, Train Acc: 0.9849983331481276,  Train Loss: 0.04159597586840391
Epoch: 53, Val Acc: 0.917732906837265,  Val Loss: 0.31196064352989206, BEST ACC:0.9212315073970412
Epoch: 54, Train Acc: 0.9889987776419602,  Train Loss: 0.030110507634364896
Epoch: 54, Val Acc: 0.9189324270291883,  Val Loss: 0.3234920680522918, BEST ACC:0.9212315073970412
Epoch: 55, Train Acc: 0.98788754306034,  Train Loss: 0.0362045740087827
Epoch: 55, Val Acc: 0.9070371851259497,  Val Loss: 0.37588940709829327, BEST ACC:0.9212315073970412
Achieved New Best Acc: 0.9237305077968813
Epoch: 56, Train Acc: 0.987776419602178,  Train Loss: 0.033409217165576086
Epoch: 56, Val Acc: 0.9237305077968813,  Val Loss: 0.31899834051728254, BEST ACC:0.9237305077968813
Epoch: 57, Train Acc: 0.9898877653072563,  Train Loss: 0.02985272949768437
Epoch: 57, Val Acc: 0.9165333866453419,  Val Loss: 0.3635127127170562, BEST ACC:0.9237305077968813
Epoch: 58, Train Acc: 0.9906656295143905,  Train Loss: 0.02781753045403295
Epoch: 58, Val Acc: 0.9213314674130347,  Val Loss: 0.334124568104744, BEST ACC:0.9237305077968813
Epoch: 59, Train Acc: 0.9909989998888765,  Train Loss: 0.027449055212653346
Epoch: 59, Val Acc: 0.9135345861655337,  Val Loss: 0.3504222258925438, BEST ACC:0.9237305077968813
Epoch: 60, Train Acc: 0.9908878764307145,  Train Loss: 0.028868140704515904
Epoch: 60, Val Acc: 0.9089364254298281,  Val Loss: 0.3973856210708618, BEST ACC:0.9237305077968813
Epoch: 61, Train Acc: 0.98733192576953,  Train Loss: 0.035067171375784606
Epoch: 61, Val Acc: 0.8999400239904038,  Val Loss: 0.4297956272959709, BEST ACC:0.9237305077968813
Epoch: 62, Train Acc: 0.9879986665185021,  Train Loss: 0.03485852935247952
Epoch: 62, Val Acc: 0.9202319072371051,  Val Loss: 0.34102857112884527, BEST ACC:0.9237305077968813
Epoch: 63, Train Acc: 0.9893321480164463,  Train Loss: 0.03032207307923171
Epoch: 63, Val Acc: 0.9175329868052778,  Val Loss: 0.35415670052170756, BEST ACC:0.9237305077968813
Epoch: 64, Train Acc: 0.9901100122235804,  Train Loss: 0.03186960947803325
Epoch: 64, Val Acc: 0.9204318272690923,  Val Loss: 0.36363434642553333, BEST ACC:0.9237305077968813
Epoch: 65, Train Acc: 0.9868874319368819,  Train Loss: 0.035573339710632965
Epoch: 65, Val Acc: 0.9156337465013994,  Val Loss: 0.3569317176938057, BEST ACC:0.9237305077968813
Epoch: 66, Train Acc: 0.987776419602178,  Train Loss: 0.034427287367482975
Epoch: 66, Val Acc: 0.9111355457816873,  Val Loss: 0.38129912763834, BEST ACC:0.9237305077968813
Epoch: 67, Train Acc: 0.9909989998888765,  Train Loss: 0.026576947446705565
Epoch: 67, Val Acc: 0.9125349860055978,  Val Loss: 0.3749069407582283, BEST ACC:0.9237305077968813
Epoch: 68, Train Acc: 0.9925547283031448,  Train Loss: 0.02332523413416412
Epoch: 68, Val Acc: 0.9184326269492203,  Val Loss: 0.35847819074988363, BEST ACC:0.9237305077968813
Epoch: 69, Train Acc: 0.9923324813868207,  Train Loss: 0.022057742113247514
Epoch: 69, Val Acc: 0.9140343862455018,  Val Loss: 0.39011319130659106, BEST ACC:0.9237305077968813
Epoch: 70, Train Acc: 0.9917768640960106,  Train Loss: 0.023786908170829218
Epoch: 70, Val Acc: 0.8983406637345062,  Val Loss: 0.4416099190711975, BEST ACC:0.9237305077968813
Epoch: 71, Train Acc: 0.9917768640960106,  Train Loss: 0.02475787205104199
Epoch: 71, Val Acc: 0.9208316673330668,  Val Loss: 0.3686760760843753, BEST ACC:0.9237305077968813
Epoch: 72, Train Acc: 0.9906656295143905,  Train Loss: 0.02689955626717873
Epoch: 72, Val Acc: 0.9223310675729708,  Val Loss: 0.33647733628749854, BEST ACC:0.9237305077968813
Epoch: 73, Train Acc: 0.9912212468052006,  Train Loss: 0.025455689523369077
Epoch: 73, Val Acc: 0.9169332267093163,  Val Loss: 0.3592434570193291, BEST ACC:0.9237305077968813
Achieved New Best Acc: 0.924030387844862
Epoch: 74, Train Acc: 0.9929992221357928,  Train Loss: 0.021288863383233547
Epoch: 74, Val Acc: 0.924030387844862,  Val Loss: 0.33998150154948237, BEST ACC:0.924030387844862
Achieved New Best Acc: 0.9241303478608557
Epoch: 75, Train Acc: 0.9922213579286587,  Train Loss: 0.022814673863144383
Epoch: 75, Val Acc: 0.9241303478608557,  Val Loss: 0.3365256331861019, BEST ACC:0.9241303478608557
Epoch: 76, Train Acc: 0.9925547283031448,  Train Loss: 0.022779468912631273
Epoch: 76, Val Acc: 0.9114354258296681,  Val Loss: 0.41405775696039204, BEST ACC:0.9241303478608557
Epoch: 77, Train Acc: 0.993888209801089,  Train Loss: 0.020378099288791415
Epoch: 77, Val Acc: 0.9121351459416234,  Val Loss: 0.39569416940212243, BEST ACC:0.9241303478608557
Epoch: 78, Train Acc: 0.993221469052117,  Train Loss: 0.019725302906913888
Epoch: 78, Val Acc: 0.9165333866453419,  Val Loss: 0.38072821199893964, BEST ACC:0.9241303478608557
Epoch: 79, Train Acc: 0.9917768640960106,  Train Loss: 0.021901917022963367
Epoch: 79, Val Acc: 0.9200319872051179,  Val Loss: 0.3519033804535865, BEST ACC:0.9241303478608557
Epoch: 80, Train Acc: 0.9929992221357928,  Train Loss: 0.020248639164492488
Epoch: 80, Val Acc: 0.9202319072371051,  Val Loss: 0.3547896951436996, BEST ACC:0.9241303478608557
Epoch: 81, Train Acc: 0.9904433825980664,  Train Loss: 0.027848775162258085
Epoch: 81, Val Acc: 0.9203318672530988,  Val Loss: 0.3470982797443867, BEST ACC:0.9241303478608557
Epoch: 82, Train Acc: 0.9898877653072563,  Train Loss: 0.028786061176409323
Epoch: 82, Val Acc: 0.9090363854458217,  Val Loss: 0.42430475652217864, BEST ACC:0.9241303478608557
Epoch: 83, Train Acc: 0.9911101233470385,  Train Loss: 0.025057535928984482
Epoch: 83, Val Acc: 0.9113354658136745,  Val Loss: 0.41235832273960116, BEST ACC:0.9241303478608557
Epoch: 84, Train Acc: 0.9897766418490943,  Train Loss: 0.030757415522303846
Epoch: 84, Val Acc: 0.8992403038784487,  Val Loss: 0.449313573539257, BEST ACC:0.9241303478608557
Epoch: 85, Train Acc: 0.9896655183909323,  Train Loss: 0.02945905897973312
Epoch: 85, Val Acc: 0.9105357856857257,  Val Loss: 0.4166905224323273, BEST ACC:0.9241303478608557
Achieved New Best Acc: 0.9261295481807277
Epoch: 86, Train Acc: 0.9928880986776308,  Train Loss: 0.0223757308235185
Epoch: 86, Val Acc: 0.9261295481807277,  Val Loss: 0.33806087821722025, BEST ACC:0.9261295481807277
Epoch: 87, Train Acc: 0.994221580175575,  Train Loss: 0.018320305195326604
Epoch: 87, Val Acc: 0.9230307876849261,  Val Loss: 0.3479744225740433, BEST ACC:0.9261295481807277
Epoch: 88, Train Acc: 0.9955550616735193,  Train Loss: 0.01522947555511362
Epoch: 88, Val Acc: 0.9130347860855658,  Val Loss: 0.3927695378661155, BEST ACC:0.9261295481807277
Epoch: 89, Train Acc: 0.9953328147571953,  Train Loss: 0.01438857821954621
Epoch: 89, Val Acc: 0.9193322670931627,  Val Loss: 0.3639134973287583, BEST ACC:0.9261295481807277
Epoch: 90, Train Acc: 0.9936659628847649,  Train Loss: 0.017442457377910614
Epoch: 90, Val Acc: 0.9259296281487405,  Val Loss: 0.3331915684044361, BEST ACC:0.9261295481807277
Epoch: 91, Train Acc: 0.994443827091899,  Train Loss: 0.014740643996952308
Epoch: 91, Val Acc: 0.9139344262295082,  Val Loss: 0.4209177583456039, BEST ACC:0.9261295481807277
Epoch: 92, Train Acc: 0.9953328147571953,  Train Loss: 0.016207756810925074
Epoch: 92, Val Acc: 0.9242303078768492,  Val Loss: 0.3494349688291549, BEST ACC:0.9261295481807277
Epoch: 93, Train Acc: 0.994332703633737,  Train Loss: 0.018088699008027714
Epoch: 93, Val Acc: 0.9122351059576169,  Val Loss: 0.41319578588008876, BEST ACC:0.9261295481807277
Epoch: 94, Train Acc: 0.9945549505500612,  Train Loss: 0.015841874863124557
Epoch: 94, Val Acc: 0.9090363854458217,  Val Loss: 0.406687518954277, BEST ACC:0.9261295481807277
Epoch: 95, Train Acc: 0.9954439382153573,  Train Loss: 0.015077037866123848
Epoch: 95, Val Acc: 0.9169332267093163,  Val Loss: 0.37182834595441816, BEST ACC:0.9261295481807277
Epoch: 96, Train Acc: 0.9933325925102789,  Train Loss: 0.016829493403848678
Epoch: 96, Val Acc: 0.8811475409836066,  Val Loss: 0.6393273264169693, BEST ACC:0.9261295481807277
Epoch: 97, Train Acc: 0.994110456717413,  Train Loss: 0.015470705810002983
Epoch: 97, Val Acc: 0.9215313874450219,  Val Loss: 0.3643629401922226, BEST ACC:0.9261295481807277
Epoch: 98, Train Acc: 0.9949994443827092,  Train Loss: 0.014065271553893883
Epoch: 98, Val Acc: 0.9160335865653738,  Val Loss: 0.39421975910663615, BEST ACC:0.9261295481807277
Epoch: 99, Train Acc: 0.9956661851316813,  Train Loss: 0.011631350214075712
Epoch: 99, Val Acc: 0.9241303478608557,  Val Loss: 0.3637044310569764, BEST ACC:0.9261295481807277
Achieved New Best Acc: 0.9292283086765294
Epoch: 100, Train Acc: 0.9965551727969775,  Train Loss: 0.010501263300991718
Epoch: 100, Val Acc: 0.9292283086765294,  Val Loss: 0.3345635175704956, BEST ACC:0.9292283086765294
Epoch: 101, Train Acc: 0.9955550616735193,  Train Loss: 0.01255288822317703
Epoch: 101, Val Acc: 0.9187325069972011,  Val Loss: 0.41088522076606754, BEST ACC:0.9292283086765294
Epoch: 102, Train Acc: 0.9957773085898434,  Train Loss: 0.01379912907982038
Epoch: 102, Val Acc: 0.9116353458616553,  Val Loss: 0.4378359109163284, BEST ACC:0.9292283086765294
Epoch: 103, Train Acc: 0.9954439382153573,  Train Loss: 0.011782022684605584
Epoch: 103, Val Acc: 0.9261295481807277,  Val Loss: 0.35742683112621304, BEST ACC:0.9292283086765294
Epoch: 104, Train Acc: 0.9963329258806534,  Train Loss: 0.010456327555908097
Epoch: 104, Val Acc: 0.9196321471411435,  Val Loss: 0.39789829254150394, BEST ACC:0.9292283086765294
Epoch: 105, Train Acc: 0.9958884320480054,  Train Loss: 0.0114619716639734
Epoch: 105, Val Acc: 0.9227309076369452,  Val Loss: 0.3828080162405968, BEST ACC:0.9292283086765294
Epoch: 106, Train Acc: 0.9957773085898434,  Train Loss: 0.013357192342583504
Epoch: 106, Val Acc: 0.9200319872051179,  Val Loss: 0.411202958226204, BEST ACC:0.9292283086765294
Epoch: 107, Train Acc: 0.9957773085898434,  Train Loss: 0.013499350972577102
Epoch: 107, Val Acc: 0.9016393442622951,  Val Loss: 0.4754923015832902, BEST ACC:0.9292283086765294
Epoch: 108, Train Acc: 0.9946660740082232,  Train Loss: 0.01604446132356922
Epoch: 108, Val Acc: 0.9181327469012395,  Val Loss: 0.38846663236618045, BEST ACC:0.9292283086765294
Epoch: 109, Train Acc: 0.9959995555061674,  Train Loss: 0.01381427604549875
Epoch: 109, Val Acc: 0.923530587764894,  Val Loss: 0.383186937123537, BEST ACC:0.9292283086765294
Epoch: 110, Train Acc: 0.9966662962551395,  Train Loss: 0.012345472428326806
Epoch: 110, Val Acc: 0.9164334266293482,  Val Loss: 0.4132717624306679, BEST ACC:0.9292283086765294
Epoch: 111, Train Acc: 0.9963329258806534,  Train Loss: 0.010857865861099629
Epoch: 111, Val Acc: 0.9194322271091563,  Val Loss: 0.39921164810657506, BEST ACC:0.9292283086765294
Epoch: 112, Train Acc: 0.9962218024224914,  Train Loss: 0.011225053122163646
Epoch: 112, Val Acc: 0.9253298680527788,  Val Loss: 0.3713950261473655, BEST ACC:0.9292283086765294
Epoch: 113, Train Acc: 0.9959995555061674,  Train Loss: 0.01300604258560472
Epoch: 113, Val Acc: 0.9204318272690923,  Val Loss: 0.38660409674048424, BEST ACC:0.9292283086765294
Epoch: 114, Train Acc: 0.9958884320480054,  Train Loss: 0.012187549288177656
Epoch: 114, Val Acc: 0.912734906037585,  Val Loss: 0.466963179409504, BEST ACC:0.9292283086765294
Epoch: 115, Train Acc: 0.9966662962551395,  Train Loss: 0.009588061469710533
Epoch: 115, Val Acc: 0.9118352658936425,  Val Loss: 0.41423600167036057, BEST ACC:0.9292283086765294
Achieved New Best Acc: 0.9295281887245102
Epoch: 116, Train Acc: 0.9958884320480054,  Train Loss: 0.011968218229918016
Epoch: 116, Val Acc: 0.9295281887245102,  Val Loss: 0.3477118656039238, BEST ACC:0.9295281887245102
Epoch: 117, Train Acc: 0.9965551727969775,  Train Loss: 0.012141373642306361
Epoch: 117, Val Acc: 0.9161335465813675,  Val Loss: 0.39647887647151947, BEST ACC:0.9295281887245102
Epoch: 118, Train Acc: 0.9958884320480054,  Train Loss: 0.011826988710607922
Epoch: 118, Val Acc: 0.9037385045981607,  Val Loss: 0.49684653729200356, BEST ACC:0.9295281887245102
Epoch: 119, Train Acc: 0.9963329258806534,  Train Loss: 0.011116931014435574
Epoch: 119, Val Acc: 0.9230307876849261,  Val Loss: 0.36484966129064567, BEST ACC:0.9295281887245102
Epoch: 120, Train Acc: 0.9949994443827092,  Train Loss: 0.01656890967084716
Epoch: 120, Val Acc: 0.9165333866453419,  Val Loss: 0.40846420824527746, BEST ACC:0.9295281887245102
Epoch: 121, Train Acc: 0.9945549505500612,  Train Loss: 0.016095874559444688
Epoch: 121, Val Acc: 0.9060375849660136,  Val Loss: 0.47266857177019117, BEST ACC:0.9295281887245102
Epoch: 122, Train Acc: 0.9954439382153573,  Train Loss: 0.012517872783872817
Epoch: 122, Val Acc: 0.9106357457017193,  Val Loss: 0.442084203660488, BEST ACC:0.9295281887245102
Epoch: 123, Train Acc: 0.9945549505500612,  Train Loss: 0.015540722679967681
Epoch: 123, Val Acc: 0.9228308676529389,  Val Loss: 0.38407967388629916, BEST ACC:0.9295281887245102
Epoch: 124, Train Acc: 0.9953328147571953,  Train Loss: 0.016691011894080378
Epoch: 124, Val Acc: 0.9231307477009196,  Val Loss: 0.37915265038609497, BEST ACC:0.9295281887245102
Epoch: 125, Train Acc: 0.9945549505500612,  Train Loss: 0.013930728840124277
Epoch: 125, Val Acc: 0.9218312674930028,  Val Loss: 0.3939047448337078, BEST ACC:0.9295281887245102
Epoch: 126, Train Acc: 0.9962218024224914,  Train Loss: 0.013168073970720999
Epoch: 126, Val Acc: 0.924030387844862,  Val Loss: 0.3871666923165321, BEST ACC:0.9295281887245102
Epoch: 127, Train Acc: 0.9957773085898434,  Train Loss: 0.013781588304684395
Epoch: 127, Val Acc: 0.9278288684526189,  Val Loss: 0.3482894435524941, BEST ACC:0.9295281887245102
Epoch: 128, Train Acc: 0.9936659628847649,  Train Loss: 0.016768859026746616
Epoch: 128, Val Acc: 0.9108356657337066,  Val Loss: 0.42273012697696694, BEST ACC:0.9295281887245102
Epoch: 129, Train Acc: 0.9947771974663852,  Train Loss: 0.014053074811171327
Epoch: 129, Val Acc: 0.9221311475409836,  Val Loss: 0.3737737648189068, BEST ACC:0.9295281887245102
Epoch: 130, Train Acc: 0.9946660740082232,  Train Loss: 0.014502474520769386
Epoch: 130, Val Acc: 0.9121351459416234,  Val Loss: 0.45803629457950595, BEST ACC:0.9295281887245102
Epoch: 131, Train Acc: 0.9956661851316813,  Train Loss: 0.01273164918853177
Epoch: 131, Val Acc: 0.9097361055577768,  Val Loss: 0.42619304209947584, BEST ACC:0.9295281887245102
Epoch: 132, Train Acc: 0.9969996666296255,  Train Loss: 0.011063236639731463
Epoch: 132, Val Acc: 0.9257297081167533,  Val Loss: 0.3636312194168568, BEST ACC:0.9295281887245102
Epoch: 133, Train Acc: 0.9953328147571953,  Train Loss: 0.01476666756207123
Epoch: 133, Val Acc: 0.9153338664534186,  Val Loss: 0.4071741625666618, BEST ACC:0.9295281887245102
Epoch: 134, Train Acc: 0.9957773085898434,  Train Loss: 0.01293513387079454
Epoch: 134, Val Acc: 0.9154338264694122,  Val Loss: 0.44779871106147767, BEST ACC:0.9295281887245102
Epoch: 135, Train Acc: 0.9975552839204356,  Train Loss: 0.008791323356692575
Epoch: 135, Val Acc: 0.9249300279888045,  Val Loss: 0.3570146456360817, BEST ACC:0.9295281887245102
Epoch: 136, Train Acc: 0.9978886542949217,  Train Loss: 0.008014360727328394
Epoch: 136, Val Acc: 0.92203118752499,  Val Loss: 0.38036600351333627, BEST ACC:0.9295281887245102
Epoch: 137, Train Acc: 0.9971107900877876,  Train Loss: 0.008931757791692183
Epoch: 137, Val Acc: 0.916233506597361,  Val Loss: 0.4023526459932327, BEST ACC:0.9295281887245102
Epoch: 138, Train Acc: 0.9968885431714635,  Train Loss: 0.009864815116290832
Epoch: 138, Val Acc: 0.9192323070771692,  Val Loss: 0.3929812714457512, BEST ACC:0.9295281887245102
Epoch: 139, Train Acc: 0.9971107900877876,  Train Loss: 0.008408430465755777
Epoch: 139, Val Acc: 0.9238304678128748,  Val Loss: 0.3614424645900726, BEST ACC:0.9295281887245102
Epoch: 140, Train Acc: 0.9971107900877876,  Train Loss: 0.010333627029063385
Epoch: 140, Val Acc: 0.9178328668532587,  Val Loss: 0.4128951668739319, BEST ACC:0.9295281887245102
Epoch: 141, Train Acc: 0.9976664073785976,  Train Loss: 0.007913980025073718
Epoch: 141, Val Acc: 0.9252299080367853,  Val Loss: 0.36768551617860784, BEST ACC:0.9295281887245102
Epoch: 142, Train Acc: 0.9959995555061674,  Train Loss: 0.011617018297935523
Epoch: 142, Val Acc: 0.9134346261495402,  Val Loss: 0.45999557077884673, BEST ACC:0.9295281887245102
Epoch: 143, Train Acc: 0.9952216912990333,  Train Loss: 0.013436766289588477
Epoch: 143, Val Acc: 0.9150339864054379,  Val Loss: 0.42722835838794704, BEST ACC:0.9295281887245102
Epoch: 144, Train Acc: 0.9951105678408713,  Train Loss: 0.01442572986707091
Epoch: 144, Val Acc: 0.9203318672530988,  Val Loss: 0.3875862434506416, BEST ACC:0.9295281887245102
Epoch: 145, Train Acc: 0.9958884320480054,  Train Loss: 0.011564911782948507
Epoch: 145, Val Acc: 0.9126349460215913,  Val Loss: 0.4489536374807357, BEST ACC:0.9295281887245102
Epoch: 146, Train Acc: 0.9969996666296255,  Train Loss: 0.008504894380975101
Epoch: 146, Val Acc: 0.9082367053178728,  Val Loss: 0.4457850202918053, BEST ACC:0.9295281887245102
Epoch: 147, Train Acc: 0.9967774197133015,  Train Loss: 0.010502566221273608
Epoch: 147, Val Acc: 0.9260295881647341,  Val Loss: 0.38429299071431167, BEST ACC:0.9295281887245102
Epoch: 148, Train Acc: 0.9962218024224914,  Train Loss: 0.01294695967549665
Epoch: 148, Val Acc: 0.9040383846461415,  Val Loss: 0.5022586673498154, BEST ACC:0.9295281887245102
Epoch: 149, Train Acc: 0.9952216912990333,  Train Loss: 0.011904091276745826
Epoch: 149, Val Acc: 0.9037385045981607,  Val Loss: 0.49000396579504024, BEST ACC:0.9295281887245102
Epoch: 150, Train Acc: 0.9948883209245472,  Train Loss: 0.01408729461642603
Epoch: 150, Val Acc: 0.9191323470611755,  Val Loss: 0.41816022396087643, BEST ACC:0.9295281887245102
Epoch: 151, Train Acc: 0.9966662962551395,  Train Loss: 0.011034348552736143
Epoch: 151, Val Acc: 0.9263294682127149,  Val Loss: 0.35508351922035225, BEST ACC:0.9295281887245102
Epoch: 152, Train Acc: 0.9962218024224914,  Train Loss: 0.01161698024306032
Epoch: 152, Val Acc: 0.9230307876849261,  Val Loss: 0.37895879447460173, BEST ACC:0.9295281887245102
Epoch: 153, Train Acc: 0.9971107900877876,  Train Loss: 0.008383409708686586
Epoch: 153, Val Acc: 0.9281287485005998,  Val Loss: 0.34657744839787485, BEST ACC:0.9295281887245102
Epoch: 154, Train Acc: 0.9977775308367597,  Train Loss: 0.007134950124762125
Epoch: 154, Val Acc: 0.9251299480207917,  Val Loss: 0.3543410159647465, BEST ACC:0.9295281887245102
Epoch: 155, Train Acc: 0.9977775308367597,  Train Loss: 0.008098228427115826
Epoch: 155, Val Acc: 0.9181327469012395,  Val Loss: 0.40277455598115924, BEST ACC:0.9295281887245102
Epoch: 156, Train Acc: 0.9969996666296255,  Train Loss: 0.008490602608718392
Epoch: 156, Val Acc: 0.9076369452219112,  Val Loss: 0.4766434952616692, BEST ACC:0.9295281887245102
Epoch: 157, Train Acc: 0.9978886542949217,  Train Loss: 0.007285547817850279
Epoch: 157, Val Acc: 0.9236305477808876,  Val Loss: 0.3824573680758476, BEST ACC:0.9295281887245102
Epoch: 158, Train Acc: 0.9969996666296255,  Train Loss: 0.007914452399644587
Epoch: 158, Val Acc: 0.9148340663734507,  Val Loss: 0.416613981127739, BEST ACC:0.9295281887245102
Epoch: 159, Train Acc: 0.9968885431714635,  Train Loss: 0.007690361235290766
Epoch: 159, Val Acc: 0.928828468612555,  Val Loss: 0.3566295184195042, BEST ACC:0.9295281887245102
Epoch: 160, Train Acc: 0.9974441604622736,  Train Loss: 0.009053281521321172
Epoch: 160, Val Acc: 0.9280287884846061,  Val Loss: 0.36566395312547684, BEST ACC:0.9295281887245102
Epoch: 161, Train Acc: 0.9971107900877876,  Train Loss: 0.010101699334983196
Epoch: 161, Val Acc: 0.9187325069972011,  Val Loss: 0.40184310600161555, BEST ACC:0.9295281887245102
Achieved New Best Acc: 0.9299280287884846
Epoch: 162, Train Acc: 0.9969996666296255,  Train Loss: 0.009255845694699224
Epoch: 162, Val Acc: 0.9299280287884846,  Val Loss: 0.3503394246101379, BEST ACC:0.9299280287884846
Epoch: 163, Train Acc: 0.9977775308367597,  Train Loss: 0.007967845957157098
Epoch: 163, Val Acc: 0.9274290283886445,  Val Loss: 0.3533582910895348, BEST ACC:0.9299280287884846
Achieved New Best Acc: 0.930327868852459
Epoch: 164, Train Acc: 0.9982220246694077,  Train Loss: 0.005379531238253952
Epoch: 164, Val Acc: 0.930327868852459,  Val Loss: 0.3496537074446678, BEST ACC:0.930327868852459
Epoch: 165, Train Acc: 0.9979997777530837,  Train Loss: 0.0055781493881820795
Epoch: 165, Val Acc: 0.9285285885645742,  Val Loss: 0.35345242321491244, BEST ACC:0.930327868852459
Achieved New Best Acc: 0.9320271891243502
Epoch: 166, Train Acc: 0.9987776419602178,  Train Loss: 0.005104376992676407
Epoch: 166, Val Acc: 0.9320271891243502,  Val Loss: 0.3409696467220783, BEST ACC:0.9320271891243502
Epoch: 167, Train Acc: 0.9986665185020558,  Train Loss: 0.00471078121336177
Epoch: 167, Val Acc: 0.9311275489804078,  Val Loss: 0.36560503095388414, BEST ACC:0.9320271891243502
Epoch: 168, Train Acc: 0.9984442715857318,  Train Loss: 0.005352416208350203
Epoch: 168, Val Acc: 0.9311275489804078,  Val Loss: 0.34257954582571987, BEST ACC:0.9320271891243502
Achieved New Best Acc: 0.9327269092363055
Epoch: 169, Train Acc: 0.9989998888765418,  Train Loss: 0.004895347697634457
Epoch: 169, Val Acc: 0.9327269092363055,  Val Loss: 0.3609198540449142, BEST ACC:0.9327269092363055
Epoch: 170, Train Acc: 0.9983331481275697,  Train Loss: 0.004637204615088801
Epoch: 170, Val Acc: 0.9304278288684527,  Val Loss: 0.3617706730961799, BEST ACC:0.9327269092363055
Epoch: 171, Train Acc: 0.9983331481275697,  Train Loss: 0.004856078697937644
Epoch: 171, Val Acc: 0.9301279488204718,  Val Loss: 0.3664835855364799, BEST ACC:0.9327269092363055
Achieved New Best Acc: 0.9347261095561775
Epoch: 172, Train Acc: 0.9989998888765418,  Train Loss: 0.0044840039659498464
Epoch: 172, Val Acc: 0.9347261095561775,  Val Loss: 0.3407157935202122, BEST ACC:0.9347261095561775
Epoch: 173, Train Acc: 0.9979997777530837,  Train Loss: 0.005770809854665357
Epoch: 173, Val Acc: 0.9161335465813675,  Val Loss: 0.43062028288841253, BEST ACC:0.9347261095561775
Epoch: 174, Train Acc: 0.9978886542949217,  Train Loss: 0.00664096712716855
Epoch: 174, Val Acc: 0.9267293082766893,  Val Loss: 0.38608037009835244, BEST ACC:0.9347261095561775
Epoch: 175, Train Acc: 0.9974441604622736,  Train Loss: 0.007458047524172192
Epoch: 175, Val Acc: 0.9144342263094762,  Val Loss: 0.45789682567119605, BEST ACC:0.9347261095561775
Epoch: 176, Train Acc: 0.9971107900877876,  Train Loss: 0.007926015357952565
Epoch: 176, Val Acc: 0.9224310275889644,  Val Loss: 0.39437235072255133, BEST ACC:0.9347261095561775
Epoch: 177, Train Acc: 0.9973330370041116,  Train Loss: 0.007867704753557012
Epoch: 177, Val Acc: 0.9269292283086765,  Val Loss: 0.3809554368257522, BEST ACC:0.9347261095561775
Epoch: 178, Train Acc: 0.9975552839204356,  Train Loss: 0.00799607649160963
Epoch: 178, Val Acc: 0.9307277089164334,  Val Loss: 0.3440682388842106, BEST ACC:0.9347261095561775
Epoch: 179, Train Acc: 0.9979997777530837,  Train Loss: 0.0056314373408289
Epoch: 179, Val Acc: 0.9294282287085166,  Val Loss: 0.36777293607592587, BEST ACC:0.9347261095561775
Epoch: 180, Train Acc: 0.9975552839204356,  Train Loss: 0.007557743403594941
Epoch: 180, Val Acc: 0.9274290283886445,  Val Loss: 0.36301661580801003, BEST ACC:0.9347261095561775
Epoch: 181, Train Acc: 0.9979997777530837,  Train Loss: 0.005117082690250957
Epoch: 181, Val Acc: 0.9254298280687725,  Val Loss: 0.3827894702553749, BEST ACC:0.9347261095561775
Epoch: 182, Train Acc: 0.9974441604622736,  Train Loss: 0.00599812000291422
Epoch: 182, Val Acc: 0.9250299880047981,  Val Loss: 0.3685721784830093, BEST ACC:0.9347261095561775
Epoch: 183, Train Acc: 0.9982220246694077,  Train Loss: 0.005411101961120342
Epoch: 183, Val Acc: 0.9218312674930028,  Val Loss: 0.3895653888583183, BEST ACC:0.9347261095561775
Epoch: 184, Train Acc: 0.9969996666296255,  Train Loss: 0.00788731476576585
Epoch: 184, Val Acc: 0.8944422231107557,  Val Loss: 0.5923120424151421, BEST ACC:0.9347261095561775
Epoch: 185, Train Acc: 0.9974441604622736,  Train Loss: 0.0076903733812893425
Epoch: 185, Val Acc: 0.9261295481807277,  Val Loss: 0.3642893247306347, BEST ACC:0.9347261095561775
Epoch: 186, Train Acc: 0.9977775308367597,  Train Loss: 0.006648986160548197
Epoch: 186, Val Acc: 0.924030387844862,  Val Loss: 0.39678343385458, BEST ACC:0.9347261095561775
Epoch: 187, Train Acc: 0.9973330370041116,  Train Loss: 0.0065290470795136765
Epoch: 187, Val Acc: 0.9239304278288685,  Val Loss: 0.40476337224245074, BEST ACC:0.9347261095561775
Epoch: 188, Train Acc: 0.9972219135459496,  Train Loss: 0.006637763209356409
Epoch: 188, Val Acc: 0.9139344262295082,  Val Loss: 0.4575689539313316, BEST ACC:0.9347261095561775
Epoch: 189, Train Acc: 0.9983331481275697,  Train Loss: 0.005917816608820835
Epoch: 189, Val Acc: 0.9300279888044782,  Val Loss: 0.3704743817448616, BEST ACC:0.9347261095561775
Epoch: 190, Train Acc: 0.9974441604622736,  Train Loss: 0.00827999874470859
Epoch: 190, Val Acc: 0.9261295481807277,  Val Loss: 0.3771430790424347, BEST ACC:0.9347261095561775
Epoch: 191, Train Acc: 0.9977775308367597,  Train Loss: 0.007112552114348445
Epoch: 191, Val Acc: 0.9226309476209517,  Val Loss: 0.3788235478103162, BEST ACC:0.9347261095561775
Epoch: 192, Train Acc: 0.9973330370041116,  Train Loss: 0.008827940800175486
Epoch: 192, Val Acc: 0.9279288284686126,  Val Loss: 0.365804310142994, BEST ACC:0.9347261095561775
Epoch: 193, Train Acc: 0.9967774197133015,  Train Loss: 0.009814854290905513
Epoch: 193, Val Acc: 0.9171331467413035,  Val Loss: 0.41577486246824263, BEST ACC:0.9347261095561775
Epoch: 194, Train Acc: 0.9975552839204356,  Train Loss: 0.008995058584130472
Epoch: 194, Val Acc: 0.9047381047580968,  Val Loss: 0.5299654573202133, BEST ACC:0.9347261095561775
Epoch: 195, Train Acc: 0.9966662962551395,  Train Loss: 0.010242598377064698
Epoch: 195, Val Acc: 0.9244302279088364,  Val Loss: 0.3935958683490753, BEST ACC:0.9347261095561775
Epoch: 196, Train Acc: 0.9975552839204356,  Train Loss: 0.006986309334428774
Epoch: 196, Val Acc: 0.9269292283086765,  Val Loss: 0.362496805936098, BEST ACC:0.9347261095561775
Epoch: 197, Train Acc: 0.9978886542949217,  Train Loss: 0.006833358331479961
Epoch: 197, Val Acc: 0.9305277888844462,  Val Loss: 0.34471194595098503, BEST ACC:0.9347261095561775
Epoch: 198, Train Acc: 0.9977775308367597,  Train Loss: 0.006944798638061103
Epoch: 198, Val Acc: 0.9078368652538984,  Val Loss: 0.479739075899124, BEST ACC:0.9347261095561775
Epoch: 199, Train Acc: 0.9985553950438938,  Train Loss: 0.0050580266979523
Epoch: 199, Val Acc: 0.9261295481807277,  Val Loss: 0.3887398719787597, BEST ACC:0.9347261095561775
Test Acc: 0.8288300835654596
