{'lr': [1e-05, 0.0001, 0.005, 0.001, 0.05, 0.01], 'wd': [0, 1e-06, 1e-05, 0.0001], 'unfreeze': True}
Current Config: LR = 1e-05  WD = 0 Acc:0.34136345461815276 Loss: 1.8452195465564727 
Current Config: LR = 1e-05  WD = 1e-06 Acc:0.36535385845661733 Loss: 1.8030862808227537 
Current Config: LR = 1e-05  WD = 1e-05 Acc:0.36895241903238707 Loss: 1.8151095986366275 
Current Config: LR = 1e-05  WD = 0.0001 Acc:0.3443622550979608 Loss: 1.8776724219322203 
Current Config: LR = 0.0001  WD = 0 Acc:0.7088164734106357 Loss: 0.8415257543325425 
Current Config: LR = 0.0001  WD = 1e-06 Acc:0.7104158336665334 Loss: 0.8482264846563338 
Current Config: LR = 0.0001  WD = 1e-05 Acc:0.7006197520991604 Loss: 0.8627330183982849 
Current Config: LR = 0.0001  WD = 0.0001 Acc:0.7126149540183926 Loss: 0.8323734372854232 
Current Config: LR = 0.005  WD = 0 Acc:0.9023390643742503 Loss: 0.2998784177005291 
Current Config: LR = 0.005  WD = 1e-06 Acc:0.9029388244702119 Loss: 0.2989245094358921 
Current Config: LR = 0.005  WD = 1e-05 Acc:0.906937225109956 Loss: 0.29458279907703405 
Current Config: LR = 0.005  WD = 0.0001 Acc:0.9082367053178728 Loss: 0.2900359347462654 
Current Config: LR = 0.001  WD = 0 Acc:0.8650539784086365 Loss: 0.3749185368418692 
Current Config: LR = 0.001  WD = 1e-06 Acc:0.8638544582167134 Loss: 0.3753513813018798 
Current Config: LR = 0.001  WD = 1e-05 Acc:0.8632546981207517 Loss: 0.3744932845234872 
Current Config: LR = 0.001  WD = 0.0001 Acc:0.8683526589364254 Loss: 0.37178160250186926 
Current Config: LR = 0.05  WD = 0 Acc:0.8821471411435425 Loss: 0.3438516065478324 
Current Config: LR = 0.05  WD = 1e-06 Acc:0.8994402239104359 Loss: 0.3041321270167827 
Current Config: LR = 0.05  WD = 1e-05 Acc:0.9041383446621352 Loss: 0.32742161154747007 
Current Config: LR = 0.05  WD = 0.0001 Acc:0.8921431427429029 Loss: 0.3206863082945346 
Current Config: LR = 0.01  WD = 0 Acc:0.9114354258296681 Loss: 0.2854336924850941 
Current Config: LR = 0.01  WD = 1e-06 Acc:0.9091363454618153 Loss: 0.30416941270232206 
Current Config: LR = 0.01  WD = 1e-05 Acc:0.9146341463414634 Loss: 0.287242042273283 
Current Config: LR = 0.01  WD = 0.0001 Acc:0.9115353858456617 Loss: 0.2805419899523258 
