Downloading: "https://download.pytorch.org/models/resnet34-333f7ec4.pth" to /home/pw1103/.cache/torch/hub/checkpoints/resnet34-333f7ec4.pth
  0%|          | 0.00/83.3M [00:00<?, ?B/s]  9%|▉         | 7.72M/83.3M [00:00<00:00, 80.9MB/s] 20%|██        | 16.9M/83.3M [00:00<00:00, 84.9MB/s] 31%|███▏      | 26.2M/83.3M [00:00<00:00, 88.4MB/s] 43%|████▎     | 35.5M/83.3M [00:00<00:00, 91.0MB/s] 54%|█████▎    | 44.7M/83.3M [00:00<00:00, 92.4MB/s] 65%|██████▌   | 54.1M/83.3M [00:00<00:00, 94.3MB/s] 76%|███████▌  | 63.2M/83.3M [00:00<00:00, 94.6MB/s] 86%|████████▋ | 72.0M/83.3M [00:00<00:00, 93.6MB/s] 98%|█████████▊| 81.5M/83.3M [00:00<00:00, 95.2MB/s]100%|██████████| 83.3M/83.3M [00:00<00:00, 94.8MB/s]
Current Config: LR = 1e-05  WD = 0 Acc:0.14204318272690925 Loss: 2.390317606925964 
Current Config: LR = 1e-05  WD = 1e-06 Acc:0.1601359456217513 Loss: 2.3726076483726497 
Current Config: LR = 1e-05  WD = 1e-05 Acc:0.18442622950819673 Loss: 2.196259808540344 
Current Config: LR = 1e-05  WD = 0.0001 Acc:0.1718312674930028 Loss: 2.311816906929016 
Current Config: LR = 0.0001  WD = 0 Acc:0.43652538984406236 Loss: 1.7257918119430544 
Current Config: LR = 0.0001  WD = 1e-06 Acc:0.46651339464214314 Loss: 1.6978375315666203 
Current Config: LR = 0.0001  WD = 1e-05 Acc:0.4735105957616953 Loss: 1.6538554489612578 
Current Config: LR = 0.0001  WD = 0.0001 Acc:0.45871651339464214 Loss: 1.7081359684467317 
Current Config: LR = 0.005  WD = 0 Acc:0.6609356257497001 Loss: 1.0140777766704558 
Current Config: LR = 0.005  WD = 1e-06 Acc:0.6626349460215913 Loss: 1.0110663682222367 
Current Config: LR = 0.005  WD = 1e-05 Acc:0.6683326669332267 Loss: 1.0034937739372254 
Current Config: LR = 0.005  WD = 0.0001 Acc:0.6623350659736106 Loss: 1.001888221502304 
Current Config: LR = 0.001  WD = 0 Acc:0.6218512594962016 Loss: 1.173251247406006 
Current Config: LR = 0.001  WD = 1e-06 Acc:0.6201519392243102 Loss: 1.1663288414478303 
Current Config: LR = 0.001  WD = 1e-05 Acc:0.6212514994002399 Loss: 1.168935602903366 
Current Config: LR = 0.001  WD = 0.0001 Acc:0.6188524590163934 Loss: 1.17755109667778 
Current Config: LR = 0.05  WD = 0 Acc:0.6624350259896041 Loss: 1.0371899276971817 
Current Config: LR = 0.05  WD = 1e-06 Acc:0.6625349860055978 Loss: 1.0156194061040877 
Current Config: LR = 0.05  WD = 1e-05 Acc:0.664734106357457 Loss: 1.0239734619855878 
Current Config: LR = 0.05  WD = 0.0001 Acc:0.6646341463414634 Loss: 1.0266388654708862 
Current Config: LR = 0.01  WD = 0 Acc:0.6748300679728109 Loss: 0.9722225308418274 
Current Config: LR = 0.01  WD = 1e-06 Acc:0.6715313874450219 Loss: 0.9781755298376084 
Current Config: LR = 0.01  WD = 1e-05 Acc:0.6739304278288685 Loss: 0.9691640436649324 
Current Config: LR = 0.01  WD = 0.0001 Acc:0.6721311475409836 Loss: 0.98352609872818 
