Current Config: {'lr': 0.05, 'wd': 1e-05, 'epochs': 200}
Achieved New Best Acc: 0.4813074770091963
Epoch: 0, Train Acc: 0.2932548060895655,  Train Loss: 4835.091006596884
Epoch: 0, Val Acc: 0.4813074770091963,  Val Loss: 1589.353637695312, BEST ACC:0.4813074770091963
Achieved New Best Acc: 0.5974610155937625
Epoch: 1, Train Acc: 0.6257361929103233,  Train Loss: 1076.991477118598
Epoch: 1, Val Acc: 0.5974610155937625,  Val Loss: 680.7874267578126, BEST ACC:0.5974610155937625
Achieved New Best Acc: 0.6975209916033587
Epoch: 2, Train Acc: 0.6896321813534837,  Train Loss: 279.11743672688795
Epoch: 2, Val Acc: 0.6975209916033587,  Val Loss: 227.46904067993165, BEST ACC:0.6975209916033587
Achieved New Best Acc: 0.7683926429428228
Epoch: 3, Train Acc: 0.7434159351039005,  Train Loss: 121.73750813802083
Epoch: 3, Val Acc: 0.7683926429428228,  Val Loss: 110.01124076843263, BEST ACC:0.7683926429428228
Achieved New Best Acc: 0.7876849260295882
Epoch: 4, Train Acc: 0.752972552505834,  Train Loss: 74.78310669793024
Epoch: 4, Val Acc: 0.7876849260295882,  Val Loss: 72.97442893981935, BEST ACC:0.7876849260295882
Achieved New Best Acc: 0.789484206317473
Epoch: 5, Train Acc: 0.76541837981998,  Train Loss: 57.54308764139812
Epoch: 5, Val Acc: 0.789484206317473,  Val Loss: 59.97114448547364, BEST ACC:0.789484206317473
Achieved New Best Acc: 0.7960815673730508
Epoch: 6, Train Acc: 0.7665296144016002,  Train Loss: 46.72009510464139
Epoch: 6, Val Acc: 0.7960815673730508,  Val Loss: 49.59343547821044, BEST ACC:0.7960815673730508
Epoch: 7, Train Acc: 0.7671963551505723,  Train Loss: 37.7913507885403
Epoch: 7, Val Acc: 0.794782087165134,  Val Loss: 43.48960409164428, BEST ACC:0.7960815673730508
Epoch: 8, Train Acc: 0.7731970218913212,  Train Loss: 33.21104335784912
Epoch: 8, Val Acc: 0.7923830467812875,  Val Loss: 39.62876996994019, BEST ACC:0.7960815673730508
Epoch: 9, Train Acc: 0.7760862318035338,  Train Loss: 27.204408751593693
Epoch: 9, Val Acc: 0.794782087165134,  Val Loss: 34.44518365859986, BEST ACC:0.7960815673730508
Achieved New Best Acc: 0.8018792483006797
Epoch: 10, Train Acc: 0.7634181575730636,  Train Loss: 24.833971553378635
Epoch: 10, Val Acc: 0.8018792483006797,  Val Loss: 31.669441509246823, BEST ACC:0.8018792483006797
Achieved New Best Acc: 0.8023790483806478
Epoch: 11, Train Acc: 0.7765307256361818,  Train Loss: 23.984977881113686
Epoch: 11, Val Acc: 0.8023790483806478,  Val Loss: 29.979065608978267, BEST ACC:0.8023790483806478
Epoch: 12, Train Acc: 0.7757528614290476,  Train Loss: 20.9609219763014
Epoch: 12, Val Acc: 0.7909836065573771,  Val Loss: 28.907861232757572, BEST ACC:0.8023790483806478
Achieved New Best Acc: 0.804078368652539
Epoch: 13, Train Acc: 0.7760862318035338,  Train Loss: 19.886804898579918
Epoch: 13, Val Acc: 0.804078368652539,  Val Loss: 26.412681865692132, BEST ACC:0.804078368652539
Epoch: 14, Train Acc: 0.7816424047116346,  Train Loss: 17.06260257297092
Epoch: 14, Val Acc: 0.7939824070371851,  Val Loss: 25.18167657852173, BEST ACC:0.804078368652539
Achieved New Best Acc: 0.8057776889244302
Epoch: 15, Train Acc: 0.7808645405045005,  Train Loss: 16.53367461098565
Epoch: 15, Val Acc: 0.8057776889244302,  Val Loss: 22.443687534332277, BEST ACC:0.8057776889244302
Achieved New Best Acc: 0.8101759296281488
Epoch: 16, Train Acc: 0.7849761084564951,  Train Loss: 14.484522236718073
Epoch: 16, Val Acc: 0.8101759296281488,  Val Loss: 21.102149677276607, BEST ACC:0.8101759296281488
Epoch: 17, Train Acc: 0.7851983553728192,  Train Loss: 14.642241424984398
Epoch: 17, Val Acc: 0.7974810075969612,  Val Loss: 21.19871554374695, BEST ACC:0.8101759296281488
Epoch: 18, Train Acc: 0.7687520835648405,  Train Loss: 15.685113324059376
Epoch: 18, Val Acc: 0.7971811275489804,  Val Loss: 21.265855836868287, BEST ACC:0.8101759296281488
Epoch: 19, Train Acc: 0.7750861206800755,  Train Loss: 14.00574180814955
Epoch: 19, Val Acc: 0.8015793682526989,  Val Loss: 20.05683264732361, BEST ACC:0.8101759296281488
Achieved New Best Acc: 0.8109756097560976
Epoch: 20, Train Acc: 0.7836426269585509,  Train Loss: 13.275280051761202
Epoch: 20, Val Acc: 0.8109756097560976,  Val Loss: 17.603771734237668, BEST ACC:0.8109756097560976
Epoch: 21, Train Acc: 0.7817535281697966,  Train Loss: 13.08192163043552
Epoch: 21, Val Acc: 0.7845861655337865,  Val Loss: 18.335067224502563, BEST ACC:0.8109756097560976
Epoch: 22, Train Acc: 0.7800866762973664,  Train Loss: 11.642890877193876
Epoch: 22, Val Acc: 0.7970811675329869,  Val Loss: 16.70170392990112, BEST ACC:0.8109756097560976
Epoch: 23, Train Acc: 0.7815312812534726,  Train Loss: 11.217739899953205
Epoch: 23, Val Acc: 0.7979808076769292,  Val Loss: 16.034094238281245, BEST ACC:0.8109756097560976
Epoch: 24, Train Acc: 0.7813090343371486,  Train Loss: 11.062715901268852
Epoch: 24, Val Acc: 0.7849860055977609,  Val Loss: 15.971404838562016, BEST ACC:0.8109756097560976
Epoch: 25, Train Acc: 0.7780864540504501,  Train Loss: 11.317343552907309
Epoch: 25, Val Acc: 0.805577768892443,  Val Loss: 16.272279500961304, BEST ACC:0.8109756097560976
Epoch: 26, Train Acc: 0.7817535281697966,  Train Loss: 11.46726205613878
Epoch: 26, Val Acc: 0.788984406237505,  Val Loss: 17.682456254959106, BEST ACC:0.8109756097560976
Epoch: 27, Train Acc: 0.7885320591176798,  Train Loss: 10.72690682941013
Epoch: 27, Val Acc: 0.7996801279488205,  Val Loss: 15.222140264511106, BEST ACC:0.8109756097560976
Epoch: 28, Train Acc: 0.7874208245360595,  Train Loss: 9.243519650565252
Epoch: 28, Val Acc: 0.804578168732507,  Val Loss: 13.596685409545902, BEST ACC:0.8109756097560976
Epoch: 29, Train Acc: 0.7957550838982109,  Train Loss: 8.700807121064926
Epoch: 29, Val Acc: 0.7976809276289484,  Val Loss: 14.227463793754579, BEST ACC:0.8109756097560976
Epoch: 30, Train Acc: 0.7859762195799533,  Train Loss: 8.887196328904892
Epoch: 30, Val Acc: 0.8098760495801679,  Val Loss: 12.935790157318115, BEST ACC:0.8109756097560976
Achieved New Best Acc: 0.8147740903638545
Epoch: 31, Train Acc: 0.7911990221135682,  Train Loss: 8.424206495285032
Epoch: 31, Val Acc: 0.8147740903638545,  Val Loss: 14.25951671600342, BEST ACC:0.8147740903638545
Epoch: 32, Train Acc: 0.7865318368707634,  Train Loss: 8.179867029190063
Epoch: 32, Val Acc: 0.810375849660136,  Val Loss: 12.691765451431273, BEST ACC:0.8147740903638545
Epoch: 33, Train Acc: 0.7867540837870874,  Train Loss: 8.126201762093437
Epoch: 33, Val Acc: 0.8147740903638545,  Val Loss: 12.449873042106624, BEST ACC:0.8147740903638545
Epoch: 34, Train Acc: 0.7915323924880542,  Train Loss: 8.098221911324396
Epoch: 34, Val Acc: 0.7986805277888844,  Val Loss: 12.838245105743411, BEST ACC:0.8147740903638545
Epoch: 35, Train Acc: 0.796755195021669,  Train Loss: 8.15032450358073
Epoch: 35, Val Acc: 0.8061775289884047,  Val Loss: 12.245946383476257, BEST ACC:0.8147740903638545
Achieved New Best Acc: 0.8182726909236305
Epoch: 36, Train Acc: 0.7858650961217913,  Train Loss: 7.578249322043526
Epoch: 36, Val Acc: 0.8182726909236305,  Val Loss: 11.591590476036073, BEST ACC:0.8182726909236305
Epoch: 37, Train Acc: 0.7833092565840649,  Train Loss: 8.182715945773655
Epoch: 37, Val Acc: 0.7988804478208716,  Val Loss: 12.564061164855957, BEST ACC:0.8182726909236305
Epoch: 38, Train Acc: 0.7870874541615736,  Train Loss: 7.3841047286987305
Epoch: 38, Val Acc: 0.8098760495801679,  Val Loss: 11.205929279327393, BEST ACC:0.8182726909236305
Epoch: 39, Train Acc: 0.7956439604400489,  Train Loss: 6.546275085873073
Epoch: 39, Val Acc: 0.8070771691323471,  Val Loss: 11.432507824897767, BEST ACC:0.8182726909236305
Epoch: 40, Train Acc: 0.7949772196910768,  Train Loss: 6.622780349519517
Epoch: 40, Val Acc: 0.7981807277089165,  Val Loss: 11.14150891304016, BEST ACC:0.8182726909236305
Epoch: 41, Train Acc: 0.7911990221135682,  Train Loss: 6.498139010535347
Epoch: 41, Val Acc: 0.8132746901239504,  Val Loss: 10.3718474149704, BEST ACC:0.8182726909236305
Epoch: 42, Train Acc: 0.789865540615624,  Train Loss: 6.543931616677178
Epoch: 42, Val Acc: 0.797780887644942,  Val Loss: 10.836015820503233, BEST ACC:0.8182726909236305
Epoch: 43, Train Acc: 0.7919768863207023,  Train Loss: 6.260799010594686
Epoch: 43, Val Acc: 0.8140743702518992,  Val Loss: 10.246366715431213, BEST ACC:0.8182726909236305
Epoch: 44, Train Acc: 0.7991999111012335,  Train Loss: 6.091287069850496
Epoch: 44, Val Acc: 0.815373850459816,  Val Loss: 9.900404810905457, BEST ACC:0.8182726909236305
Epoch: 45, Train Acc: 0.7959773308145349,  Train Loss: 5.3684915569093485
Epoch: 45, Val Acc: 0.8151739304278288,  Val Loss: 10.005534601211547, BEST ACC:0.8182726909236305
Epoch: 46, Train Acc: 0.7926436270696744,  Train Loss: 6.066446251339382
Epoch: 46, Val Acc: 0.8034786085565774,  Val Loss: 9.672455048561098, BEST ACC:0.8182726909236305
Achieved New Best Acc: 0.8183726509396242
Epoch: 47, Train Acc: 0.7981997999777753,  Train Loss: 5.602927764256795
Epoch: 47, Val Acc: 0.8183726509396242,  Val Loss: 9.686510157585145, BEST ACC:0.8183726509396242
Epoch: 48, Train Acc: 0.7943104789421047,  Train Loss: 5.6533925135930385
Epoch: 48, Val Acc: 0.7939824070371851,  Val Loss: 10.127168011665345, BEST ACC:0.8183726509396242
Epoch: 49, Train Acc: 0.7988665407267475,  Train Loss: 5.441392726368376
Epoch: 49, Val Acc: 0.8168732506997202,  Val Loss: 9.363366866111756, BEST ACC:0.8183726509396242
Epoch: 50, Train Acc: 0.7916435159462163,  Train Loss: 5.22444682651096
Epoch: 50, Val Acc: 0.8139744102359057,  Val Loss: 8.927537703514098, BEST ACC:0.8183726509396242
Achieved New Best Acc: 0.8197720911635346
Epoch: 51, Train Acc: 0.7950883431492388,  Train Loss: 5.494279702504475
Epoch: 51, Val Acc: 0.8197720911635346,  Val Loss: 9.053197121620178, BEST ACC:0.8197720911635346
Epoch: 52, Train Acc: 0.7893099233248139,  Train Loss: 5.258698768085903
Epoch: 52, Val Acc: 0.8104758096761295,  Val Loss: 8.804131484031679, BEST ACC:0.8197720911635346
Epoch: 53, Train Acc: 0.8072008000888987,  Train Loss: 4.4237623876995515
Epoch: 53, Val Acc: 0.8130747700919632,  Val Loss: 8.734195184707641, BEST ACC:0.8197720911635346
Epoch: 54, Train Acc: 0.802200244471608,  Train Loss: 4.763474782307943
Epoch: 54, Val Acc: 0.7993802479008396,  Val Loss: 9.351518392562868, BEST ACC:0.8197720911635346
Epoch: 55, Train Acc: 0.8013112568063118,  Train Loss: 4.570110850863987
Epoch: 55, Val Acc: 0.816673330667733,  Val Loss: 8.30252630710602, BEST ACC:0.8197720911635346
Epoch: 56, Train Acc: 0.8029781086787421,  Train Loss: 4.505266110102335
Epoch: 56, Val Acc: 0.808876449420232,  Val Loss: 8.69939215183258, BEST ACC:0.8197720911635346
Epoch: 57, Train Acc: 0.7994221580175576,  Train Loss: 4.451091474956937
Epoch: 57, Val Acc: 0.7950819672131147,  Val Loss: 8.39654881954193, BEST ACC:0.8197720911635346
Epoch: 58, Train Acc: 0.7997555283920436,  Train Loss: 4.7134383122126255
Epoch: 58, Val Acc: 0.8121751299480208,  Val Loss: 8.464153313636778, BEST ACC:0.8197720911635346
Epoch: 59, Train Acc: 0.8017557506389599,  Train Loss: 4.314723902278477
Epoch: 59, Val Acc: 0.8012794882047181,  Val Loss: 8.514424896240234, BEST ACC:0.8197720911635346
Epoch: 60, Train Acc: 0.7914212690298922,  Train Loss: 4.5670027997758655
Epoch: 60, Val Acc: 0.7922830867652939,  Val Loss: 8.837508463859557, BEST ACC:0.8197720911635346
Epoch: 61, Train Acc: 0.8029781086787421,  Train Loss: 4.19303035736084
Epoch: 61, Val Acc: 0.8026789284286285,  Val Loss: 8.205196189880372, BEST ACC:0.8197720911635346
Epoch: 62, Train Acc: 0.7905322813645961,  Train Loss: 4.31198705567254
Epoch: 62, Val Acc: 0.8163734506197521,  Val Loss: 7.573335099220275, BEST ACC:0.8197720911635346
Epoch: 63, Train Acc: 0.8033114790532281,  Train Loss: 4.077969392140706
Epoch: 63, Val Acc: 0.8097760895641744,  Val Loss: 7.856788444519042, BEST ACC:0.8197720911635346
Epoch: 64, Train Acc: 0.8097566396266251,  Train Loss: 4.120166685846116
Epoch: 64, Val Acc: 0.8187724910035986,  Val Loss: 8.042692232131959, BEST ACC:0.8197720911635346
Achieved New Best Acc: 0.8213714514194322
Epoch: 65, Train Acc: 0.802200244471608,  Train Loss: 3.9662159681320186
Epoch: 65, Val Acc: 0.8213714514194322,  Val Loss: 7.723190677165987, BEST ACC:0.8213714514194322
Epoch: 66, Train Acc: 0.8072008000888987,  Train Loss: 3.716255227724711
Epoch: 66, Val Acc: 0.8125749700119952,  Val Loss: 7.99096133708954, BEST ACC:0.8213714514194322
Epoch: 67, Train Acc: 0.8015335037226359,  Train Loss: 3.9991414546966553
Epoch: 67, Val Acc: 0.819672131147541,  Val Loss: 8.107773542404177, BEST ACC:0.8213714514194322
Epoch: 68, Train Acc: 0.8028669852205801,  Train Loss: 3.9092098209593034
Epoch: 68, Val Acc: 0.8115753698520591,  Val Loss: 7.469755899906159, BEST ACC:0.8213714514194322
Epoch: 69, Train Acc: 0.8095343927103011,  Train Loss: 3.6761749055650492
Epoch: 69, Val Acc: 0.8137744902039185,  Val Loss: 7.656377744674683, BEST ACC:0.8213714514194322
Epoch: 70, Train Acc: 0.8044227136348483,  Train Loss: 3.6933742099338103
Epoch: 70, Val Acc: 0.808876449420232,  Val Loss: 7.570121717453003, BEST ACC:0.8213714514194322
Epoch: 71, Train Acc: 0.8042004667185243,  Train Loss: 3.8583684232499866
Epoch: 71, Val Acc: 0.8176729308276689,  Val Loss: 7.235471105575562, BEST ACC:0.8213714514194322
Achieved New Best Acc: 0.8229708116753298
Epoch: 72, Train Acc: 0.8057561951327925,  Train Loss: 3.228693644205729
Epoch: 72, Val Acc: 0.8229708116753298,  Val Loss: 6.988422429561614, BEST ACC:0.8229708116753298
Epoch: 73, Train Acc: 0.8084231581286809,  Train Loss: 3.142879525820414
Epoch: 73, Val Acc: 0.7980807676929228,  Val Loss: 7.388704800605774, BEST ACC:0.8229708116753298
Epoch: 74, Train Acc: 0.7986442938104233,  Train Loss: 3.2491985890600423
Epoch: 74, Val Acc: 0.8115753698520591,  Val Loss: 6.8112137556076044, BEST ACC:0.8229708116753298
Epoch: 75, Train Acc: 0.8077564173797088,  Train Loss: 3.3273756636513605
Epoch: 75, Val Acc: 0.8149740103958416,  Val Loss: 7.065847837924957, BEST ACC:0.8229708116753298
Epoch: 76, Train Acc: 0.8013112568063118,  Train Loss: 3.3474996752209134
Epoch: 76, Val Acc: 0.8158736505397841,  Val Loss: 7.027081167697908, BEST ACC:0.8229708116753298
Epoch: 77, Train Acc: 0.802533614846094,  Train Loss: 3.301045589976841
Epoch: 77, Val Acc: 0.818172730907637,  Val Loss: 7.065378820896149, BEST ACC:0.8229708116753298
Achieved New Best Acc: 0.8246701319472212
Epoch: 78, Train Acc: 0.8067563062562507,  Train Loss: 3.211678597662184
Epoch: 78, Val Acc: 0.8246701319472212,  Val Loss: 6.602733230590819, BEST ACC:0.8246701319472212
Epoch: 79, Train Acc: 0.8009778864318258,  Train Loss: 3.345436990261078
Epoch: 79, Val Acc: 0.823170731707317,  Val Loss: 7.141951668262481, BEST ACC:0.8246701319472212
Epoch: 80, Train Acc: 0.7949772196910768,  Train Loss: 3.306788351800707
Epoch: 80, Val Acc: 0.8080767692922831,  Val Loss: 6.991041350364684, BEST ACC:0.8246701319472212
Epoch: 81, Train Acc: 0.8102011334592732,  Train Loss: 2.853055331442091
Epoch: 81, Val Acc: 0.819672131147541,  Val Loss: 6.1705764055252095, BEST ACC:0.8246701319472212
Epoch: 82, Train Acc: 0.8014223802644739,  Train Loss: 2.8805123964945474
Epoch: 82, Val Acc: 0.8145741703318673,  Val Loss: 6.391180646419525, BEST ACC:0.8246701319472212
Epoch: 83, Train Acc: 0.7980886765196132,  Train Loss: 3.2622334692213264
Epoch: 83, Val Acc: 0.8199720111955218,  Val Loss: 6.51595538854599, BEST ACC:0.8246701319472212
Epoch: 84, Train Acc: 0.8118679853317036,  Train Loss: 2.8525961372587423
Epoch: 84, Val Acc: 0.8238704518192723,  Val Loss: 6.439584791660309, BEST ACC:0.8246701319472212
Achieved New Best Acc: 0.8280687724910036
Epoch: 85, Train Acc: 0.8055339482164685,  Train Loss: 3.277992029984792
Epoch: 85, Val Acc: 0.8280687724910036,  Val Loss: 5.964514696598052, BEST ACC:0.8280687724910036
Epoch: 86, Train Acc: 0.8002000222246917,  Train Loss: 3.358042061328888
Epoch: 86, Val Acc: 0.7963814474210316,  Val Loss: 6.58077267408371, BEST ACC:0.8280687724910036
Epoch: 87, Train Acc: 0.7997555283920436,  Train Loss: 3.2508065965440536
Epoch: 87, Val Acc: 0.8034786085565774,  Val Loss: 6.538298678398132, BEST ACC:0.8280687724910036
Epoch: 88, Train Acc: 0.802644738304256,  Train Loss: 2.795674853854709
Epoch: 88, Val Acc: 0.8106757297081167,  Val Loss: 6.306044661998749, BEST ACC:0.8280687724910036
Epoch: 89, Train Acc: 0.8029781086787421,  Train Loss: 3.0273953543768997
Epoch: 89, Val Acc: 0.7870851659336265,  Val Loss: 6.308917009830477, BEST ACC:0.8280687724910036
Epoch: 90, Train Acc: 0.8047560840093344,  Train Loss: 2.7026825547218327
Epoch: 90, Val Acc: 0.8226709316273491,  Val Loss: 5.972266352176666, BEST ACC:0.8280687724910036
Epoch: 91, Train Acc: 0.8120902322480276,  Train Loss: 2.6771146125263643
Epoch: 91, Val Acc: 0.8130747700919632,  Val Loss: 5.810233008861543, BEST ACC:0.8280687724910036
Epoch: 92, Train Acc: 0.8106456272919214,  Train Loss: 2.7867398526933456
Epoch: 92, Val Acc: 0.8125749700119952,  Val Loss: 6.000931870937347, BEST ACC:0.8280687724910036
Epoch: 93, Train Acc: 0.8015335037226359,  Train Loss: 2.9738708999421863
Epoch: 93, Val Acc: 0.826469412235106,  Val Loss: 5.717292284965516, BEST ACC:0.8280687724910036
Epoch: 94, Train Acc: 0.81442382486943,  Train Loss: 2.8268108103010383
Epoch: 94, Val Acc: 0.8174730107956817,  Val Loss: 5.823065495491028, BEST ACC:0.8280687724910036
Epoch: 95, Train Acc: 0.8176464051561284,  Train Loss: 2.4230048325326714
Epoch: 95, Val Acc: 0.821171531387445,  Val Loss: 5.734115850925446, BEST ACC:0.8280687724910036
Epoch: 96, Train Acc: 0.8082009112123569,  Train Loss: 2.894297103087108
Epoch: 96, Val Acc: 0.7979808076769292,  Val Loss: 5.6786632418632506, BEST ACC:0.8280687724910036
Epoch: 97, Train Acc: 0.8049783309256584,  Train Loss: 2.7433871825536094
Epoch: 97, Val Acc: 0.8194722111155538,  Val Loss: 5.57509161233902, BEST ACC:0.8280687724910036
Epoch: 98, Train Acc: 0.8106456272919214,  Train Loss: 2.6929876870579186
Epoch: 98, Val Acc: 0.8084766093562575,  Val Loss: 5.9336771249771125, BEST ACC:0.8280687724910036
Epoch: 99, Train Acc: 0.8065340593399266,  Train Loss: 2.4706025719642644
Epoch: 99, Val Acc: 0.8161735305877649,  Val Loss: 5.777989029884339, BEST ACC:0.8280687724910036
Epoch: 100, Train Acc: 0.8126458495388377,  Train Loss: 2.300046265125275
Epoch: 100, Val Acc: 0.8149740103958416,  Val Loss: 5.568099319934845, BEST ACC:0.8280687724910036
Epoch: 101, Train Acc: 0.809089898877653,  Train Loss: 2.3818063404825
Epoch: 101, Val Acc: 0.8151739304278288,  Val Loss: 5.726788938045502, BEST ACC:0.8280687724910036
Epoch: 102, Train Acc: 0.8015335037226359,  Train Loss: 2.5840324627028575
Epoch: 102, Val Acc: 0.8157736905237905,  Val Loss: 5.895511567592621, BEST ACC:0.8280687724910036
Epoch: 103, Train Acc: 0.8116457384153795,  Train Loss: 2.4619456463389926
Epoch: 103, Val Acc: 0.8177728908436626,  Val Loss: 5.550633883476256, BEST ACC:0.8280687724910036
Epoch: 104, Train Acc: 0.8142015779531059,  Train Loss: 2.4814764592382645
Epoch: 104, Val Acc: 0.8110755697720912,  Val Loss: 5.5714102506637575, BEST ACC:0.8280687724910036
Epoch: 105, Train Acc: 0.8076452939215468,  Train Loss: 2.429676585727268
Epoch: 105, Val Acc: 0.8217712914834067,  Val Loss: 5.413866961002349, BEST ACC:0.8280687724910036
Epoch: 106, Train Acc: 0.8136459606622958,  Train Loss: 2.4749858909183073
Epoch: 106, Val Acc: 0.8149740103958416,  Val Loss: 5.569728326797485, BEST ACC:0.8280687724910036
Epoch: 107, Train Acc: 0.8082009112123569,  Train Loss: 2.5555728872617087
Epoch: 107, Val Acc: 0.8243702518992403,  Val Loss: 5.268104434013366, BEST ACC:0.8280687724910036
Epoch: 108, Train Acc: 0.8180908989887765,  Train Loss: 2.2757080263561673
Epoch: 108, Val Acc: 0.7949820071971212,  Val Loss: 5.809759199619293, BEST ACC:0.8280687724910036
Epoch: 109, Train Acc: 0.8152016890765641,  Train Loss: 3.0271249413490295
Epoch: 109, Val Acc: 0.8131747301079568,  Val Loss: 5.485848402976989, BEST ACC:0.8280687724910036
Epoch: 110, Train Acc: 0.8076452939215468,  Train Loss: 2.1957242223951554
Epoch: 110, Val Acc: 0.8169732107157137,  Val Loss: 5.423111629486084, BEST ACC:0.8280687724910036
Epoch: 111, Train Acc: 0.8037559728858762,  Train Loss: 2.386913432015313
Epoch: 111, Val Acc: 0.8113754498200719,  Val Loss: 5.344937431812287, BEST ACC:0.8280687724910036
Epoch: 112, Train Acc: 0.8168685409489943,  Train Loss: 2.085284988085429
Epoch: 112, Val Acc: 0.8253698520591763,  Val Loss: 5.319505238533021, BEST ACC:0.8280687724910036
Epoch: 113, Train Acc: 0.8116457384153795,  Train Loss: 2.13425792588128
Epoch: 113, Val Acc: 0.8112754898040784,  Val Loss: 5.558754396438599, BEST ACC:0.8280687724910036
Achieved New Best Acc: 0.8292682926829268
Epoch: 114, Train Acc: 0.8132014668296478,  Train Loss: 2.2000891566276546
Epoch: 114, Val Acc: 0.8292682926829268,  Val Loss: 4.975147384405136, BEST ACC:0.8292682926829268
Epoch: 115, Train Acc: 0.8159795532836982,  Train Loss: 2.1998349428176875
Epoch: 115, Val Acc: 0.8159736105557777,  Val Loss: 5.288964784145356, BEST ACC:0.8292682926829268
Epoch: 116, Train Acc: 0.8106456272919214,  Train Loss: 2.166018552250332
Epoch: 116, Val Acc: 0.8136745301879248,  Val Loss: 5.019001746177674, BEST ACC:0.8292682926829268
Epoch: 117, Train Acc: 0.8150905656184021,  Train Loss: 2.0715352760420904
Epoch: 117, Val Acc: 0.8152738904438225,  Val Loss: 4.920598387718201, BEST ACC:0.8292682926829268
Epoch: 118, Train Acc: 0.8132014668296478,  Train Loss: 2.0920887258317733
Epoch: 118, Val Acc: 0.8107756897241104,  Val Loss: 5.226814222335815, BEST ACC:0.8292682926829268
Epoch: 119, Train Acc: 0.8116457384153795,  Train Loss: 2.223452548185984
Epoch: 119, Val Acc: 0.8085765693722511,  Val Loss: 5.294304376840592, BEST ACC:0.8292682926829268
Epoch: 120, Train Acc: 0.81442382486943,  Train Loss: 2.0584872629907394
Epoch: 120, Val Acc: 0.8151739304278288,  Val Loss: 5.046184396743774, BEST ACC:0.8292682926829268
Epoch: 121, Train Acc: 0.8104233803755972,  Train Loss: 2.1332409249411692
Epoch: 121, Val Acc: 0.8230707716913235,  Val Loss: 4.996384519338608, BEST ACC:0.8292682926829268
Epoch: 122, Train Acc: 0.8133125902878098,  Train Loss: 2.2347827487521705
Epoch: 122, Val Acc: 0.8219712115153939,  Val Loss: 5.023136562108993, BEST ACC:0.8292682926829268
Epoch: 123, Train Acc: 0.8117568618735415,  Train Loss: 1.9051999913321602
Epoch: 123, Val Acc: 0.8018792483006797,  Val Loss: 5.254029786586761, BEST ACC:0.8292682926829268
Epoch: 124, Train Acc: 0.8164240471163463,  Train Loss: 1.8698119786050584
Epoch: 124, Val Acc: 0.818672530987605,  Val Loss: 4.647545790672302, BEST ACC:0.8292682926829268
Epoch: 125, Train Acc: 0.8115346149572175,  Train Loss: 1.9713867240481902
Epoch: 125, Val Acc: 0.8167732906837265,  Val Loss: 5.408737754821778, BEST ACC:0.8292682926829268
Epoch: 126, Train Acc: 0.8106456272919214,  Train Loss: 2.113999095227983
Epoch: 126, Val Acc: 0.8249700119952019,  Val Loss: 4.705509531497956, BEST ACC:0.8292682926829268
Epoch: 127, Train Acc: 0.8127569729969997,  Train Loss: 2.2917185889350042
Epoch: 127, Val Acc: 0.8272690923630548,  Val Loss: 4.714622628688812, BEST ACC:0.8292682926829268
Achieved New Best Acc: 0.8340663734506197
Epoch: 128, Train Acc: 0.8099788865429493,  Train Loss: 2.101237184471554
Epoch: 128, Val Acc: 0.8340663734506197,  Val Loss: 5.017818117141724, BEST ACC:0.8340663734506197
Epoch: 129, Train Acc: 0.8066451827980887,  Train Loss: 2.3280182083447776
Epoch: 129, Val Acc: 0.813374650139944,  Val Loss: 5.019394183158874, BEST ACC:0.8340663734506197
Epoch: 130, Train Acc: 0.8079786642960329,  Train Loss: 2.6215911441379127
Epoch: 130, Val Acc: 0.8162734906037585,  Val Loss: 4.975348842144012, BEST ACC:0.8340663734506197
Epoch: 131, Train Acc: 0.8127569729969997,  Train Loss: 2.0926205582088895
Epoch: 131, Val Acc: 0.8257696921231508,  Val Loss: 4.746074241399764, BEST ACC:0.8340663734506197
Epoch: 132, Train Acc: 0.8198688743193688,  Train Loss: 1.6686001353793674
Epoch: 132, Val Acc: 0.8334666133546581,  Val Loss: 4.216208893060684, BEST ACC:0.8340663734506197
Epoch: 133, Train Acc: 0.81497944216024,  Train Loss: 1.8280091914865704
Epoch: 133, Val Acc: 0.8157736905237905,  Val Loss: 4.466302216053009, BEST ACC:0.8340663734506197
Epoch: 134, Train Acc: 0.8243138126458496,  Train Loss: 1.8488562901814778
Epoch: 134, Val Acc: 0.8283686525389844,  Val Loss: 4.499392902851105, BEST ACC:0.8340663734506197
Epoch: 135, Train Acc: 0.8157573063673742,  Train Loss: 1.8373388051986692
Epoch: 135, Val Acc: 0.813874450219912,  Val Loss: 4.580087375640869, BEST ACC:0.8340663734506197
Epoch: 136, Train Acc: 0.8120902322480276,  Train Loss: 1.909561230076684
Epoch: 136, Val Acc: 0.8094762095161935,  Val Loss: 4.5548644900321955, BEST ACC:0.8340663734506197
Epoch: 137, Train Acc: 0.8093121457939771,  Train Loss: 2.047761877377828
Epoch: 137, Val Acc: 0.8205717712914834,  Val Loss: 4.391262447834015, BEST ACC:0.8340663734506197
Epoch: 138, Train Acc: 0.8124236026225136,  Train Loss: 1.8251302176051665
Epoch: 138, Val Acc: 0.8128748500599761,  Val Loss: 4.481336975097656, BEST ACC:0.8340663734506197
Epoch: 139, Train Acc: 0.8162018002000222,  Train Loss: 2.21618515253067
Epoch: 139, Val Acc: 0.8152738904438225,  Val Loss: 4.211030411720276, BEST ACC:0.8340663734506197
Epoch: 140, Train Acc: 0.8158684298255362,  Train Loss: 1.7977032131618924
Epoch: 140, Val Acc: 0.8179728108756498,  Val Loss: 4.490319806337356, BEST ACC:0.8340663734506197
Epoch: 141, Train Acc: 0.8164240471163463,  Train Loss: 1.8924441271358066
Epoch: 141, Val Acc: 0.825969612155138,  Val Loss: 4.525993835926055, BEST ACC:0.8340663734506197
Epoch: 142, Train Acc: 0.8153128125347261,  Train Loss: 1.90001740720537
Epoch: 142, Val Acc: 0.8172730907636945,  Val Loss: 4.501543092727661, BEST ACC:0.8340663734506197
Epoch: 143, Train Acc: 0.8230914546060674,  Train Loss: 1.8081628547774418
Epoch: 143, Val Acc: 0.8246701319472212,  Val Loss: 4.583205842971801, BEST ACC:0.8340663734506197
Epoch: 144, Train Acc: 0.8157573063673742,  Train Loss: 1.9123898413446214
Epoch: 144, Val Acc: 0.8267692922830868,  Val Loss: 4.790698683261871, BEST ACC:0.8340663734506197
Epoch: 145, Train Acc: 0.8175352816979664,  Train Loss: 1.727915691004859
Epoch: 145, Val Acc: 0.82796881247501,  Val Loss: 4.552030718326567, BEST ACC:0.8340663734506197
Epoch: 146, Train Acc: 0.8288698744304923,  Train Loss: 1.667705025937822
Epoch: 146, Val Acc: 0.8228708516593363,  Val Loss: 4.482685261964798, BEST ACC:0.8340663734506197
Epoch: 147, Train Acc: 0.8113123680408935,  Train Loss: 1.9295590652359855
Epoch: 147, Val Acc: 0.8145741703318673,  Val Loss: 4.536017727851869, BEST ACC:0.8340663734506197
Epoch: 148, Train Acc: 0.8018668740971219,  Train Loss: 2.246676531102922
Epoch: 148, Val Acc: 0.8241703318672531,  Val Loss: 4.673348146677018, BEST ACC:0.8340663734506197
Epoch: 149, Train Acc: 0.8123124791643516,  Train Loss: 2.0028200149536133
Epoch: 149, Val Acc: 0.8127748900439824,  Val Loss: 4.419335824251175, BEST ACC:0.8340663734506197
Epoch: 150, Train Acc: 0.8158684298255362,  Train Loss: 1.6906500425603659
Epoch: 150, Val Acc: 0.8089764094362255,  Val Loss: 4.4864451646804815, BEST ACC:0.8340663734506197
Epoch: 151, Train Acc: 0.8188687631959106,  Train Loss: 1.784637255801095
Epoch: 151, Val Acc: 0.8268692522990804,  Val Loss: 4.249745666980743, BEST ACC:0.8340663734506197
Epoch: 152, Train Acc: 0.8157573063673742,  Train Loss: 1.8973148398929172
Epoch: 152, Val Acc: 0.8154738104758097,  Val Loss: 4.325477313995361, BEST ACC:0.8340663734506197
Epoch: 153, Train Acc: 0.8156461829092121,  Train Loss: 1.7537241544988416
Epoch: 153, Val Acc: 0.8268692522990804,  Val Loss: 4.43574024438858, BEST ACC:0.8340663734506197
Epoch: 154, Train Acc: 0.8253139237693077,  Train Loss: 1.6259780890411806
Epoch: 154, Val Acc: 0.8214714114354258,  Val Loss: 4.473806941509247, BEST ACC:0.8340663734506197
Epoch: 155, Train Acc: 0.8293143682631403,  Train Loss: 1.617207083437178
Epoch: 155, Val Acc: 0.8183726509396242,  Val Loss: 4.326610743999481, BEST ACC:0.8340663734506197
Epoch: 156, Train Acc: 0.8260917879764418,  Train Loss: 1.4656276106834407
Epoch: 156, Val Acc: 0.8249700119952019,  Val Loss: 4.193264931440353, BEST ACC:0.8340663734506197
Epoch: 157, Train Acc: 0.8199799977775308,  Train Loss: 1.7153798076841569
Epoch: 157, Val Acc: 0.8122750899640144,  Val Loss: 4.597545856237412, BEST ACC:0.8340663734506197
Epoch: 158, Train Acc: 0.8185353928214246,  Train Loss: 1.7351567811436126
Epoch: 158, Val Acc: 0.8157736905237905,  Val Loss: 4.4569914996624, BEST ACC:0.8340663734506197
Epoch: 159, Train Acc: 0.8166462940326703,  Train Loss: 1.6717114845911663
Epoch: 159, Val Acc: 0.7930827668932428,  Val Loss: 4.521540367603302, BEST ACC:0.8340663734506197
Epoch: 160, Train Acc: 0.8118679853317036,  Train Loss: 1.630343967013889
Epoch: 160, Val Acc: 0.8240703718512595,  Val Loss: 4.445121228694917, BEST ACC:0.8340663734506197
Epoch: 161, Train Acc: 0.8182020224469385,  Train Loss: 1.6216196219126382
Epoch: 161, Val Acc: 0.8255697720911636,  Val Loss: 4.073948764801025, BEST ACC:0.8340663734506197
Epoch: 162, Train Acc: 0.8112012445827315,  Train Loss: 1.7553353375858733
Epoch: 162, Val Acc: 0.8110755697720912,  Val Loss: 4.154299026727677, BEST ACC:0.8340663734506197
Epoch: 163, Train Acc: 0.8288698744304923,  Train Loss: 1.7860047850343914
Epoch: 163, Val Acc: 0.8197720911635346,  Val Loss: 4.62754465341568, BEST ACC:0.8340663734506197
Epoch: 164, Train Acc: 0.8249805533948217,  Train Loss: 1.6077957484457228
Epoch: 164, Val Acc: 0.8242702918832467,  Val Loss: 4.071060967445374, BEST ACC:0.8340663734506197
Epoch: 165, Train Acc: 0.8200911212356928,  Train Loss: 1.7099371916717954
Epoch: 165, Val Acc: 0.8273690523790483,  Val Loss: 4.3313480496406545, BEST ACC:0.8340663734506197
Epoch: 166, Train Acc: 0.8278697633070341,  Train Loss: 1.4144315487808654
Epoch: 166, Val Acc: 0.8213714514194322,  Val Loss: 4.4015054345130915, BEST ACC:0.8340663734506197
Epoch: 167, Train Acc: 0.8193132570285587,  Train Loss: 1.6193894247213996
Epoch: 167, Val Acc: 0.8131747301079568,  Val Loss: 4.490560626983643, BEST ACC:0.8340663734506197
Epoch: 168, Train Acc: 0.8245360595621736,  Train Loss: 1.4291797942585416
Epoch: 168, Val Acc: 0.8226709316273491,  Val Loss: 4.241198951005935, BEST ACC:0.8340663734506197
Epoch: 169, Train Acc: 0.8224247138570953,  Train Loss: 1.5784526732232835
Epoch: 169, Val Acc: 0.8333666533386646,  Val Loss: 4.14435573220253, BEST ACC:0.8340663734506197
Epoch: 170, Train Acc: 0.8246471830203356,  Train Loss: 1.4850948916541205
Epoch: 170, Val Acc: 0.8222710915633746,  Val Loss: 4.41379559636116, BEST ACC:0.8340663734506197
Epoch: 171, Train Acc: 0.8197577508612068,  Train Loss: 1.4933826857142976
Epoch: 171, Val Acc: 0.8170731707317073,  Val Loss: 4.214113801717758, BEST ACC:0.8340663734506197
Epoch: 172, Train Acc: 0.8300922324702745,  Train Loss: 1.39664489030838
Epoch: 172, Val Acc: 0.8223710515793683,  Val Loss: 4.096554517745972, BEST ACC:0.8340663734506197
Epoch: 173, Train Acc: 0.821424602733637,  Train Loss: 1.4210725592242346
Epoch: 173, Val Acc: 0.824470211915234,  Val Loss: 4.253657293319702, BEST ACC:0.8340663734506197
Epoch: 174, Train Acc: 0.8236470718968775,  Train Loss: 1.4356749488247766
Epoch: 174, Val Acc: 0.8288684526189524,  Val Loss: 4.007671493291855, BEST ACC:0.8340663734506197
Epoch: 175, Train Acc: 0.8229803311479054,  Train Loss: 1.515579256746504
Epoch: 175, Val Acc: 0.8145741703318673,  Val Loss: 4.065372651815414, BEST ACC:0.8340663734506197
Epoch: 176, Train Acc: 0.8208689854428269,  Train Loss: 1.490175982316335
Epoch: 176, Val Acc: 0.8205717712914834,  Val Loss: 4.263713681697845, BEST ACC:0.8340663734506197
Epoch: 177, Train Acc: 0.8235359484387154,  Train Loss: 1.3944293955961864
Epoch: 177, Val Acc: 0.8224710115953618,  Val Loss: 3.990145933628082, BEST ACC:0.8340663734506197
Epoch: 178, Train Acc: 0.8216468496499612,  Train Loss: 1.452903403176202
Epoch: 178, Val Acc: 0.8308676529388245,  Val Loss: 3.961630141735077, BEST ACC:0.8340663734506197
Epoch: 179, Train Acc: 0.8223135903989333,  Train Loss: 1.5875776376989152
Epoch: 179, Val Acc: 0.8150739704118353,  Val Loss: 4.272392475605011, BEST ACC:0.8340663734506197
Epoch: 180, Train Acc: 0.8116457384153795,  Train Loss: 1.5227515631251862
Epoch: 180, Val Acc: 0.8212714914034386,  Val Loss: 4.114864158630372, BEST ACC:0.8340663734506197
Epoch: 181, Train Acc: 0.8248694299366597,  Train Loss: 1.3762481179502277
Epoch: 181, Val Acc: 0.818172730907637,  Val Loss: 4.277714085578919, BEST ACC:0.8340663734506197
Epoch: 182, Train Acc: 0.8264251583509279,  Train Loss: 1.3228452172544267
Epoch: 182, Val Acc: 0.8222710915633746,  Val Loss: 4.037411260604858, BEST ACC:0.8340663734506197
Epoch: 183, Train Acc: 0.820980108900989,  Train Loss: 1.4817564984162648
Epoch: 183, Val Acc: 0.825969612155138,  Val Loss: 3.8503188192844386, BEST ACC:0.8340663734506197
Epoch: 184, Train Acc: 0.8237581953550395,  Train Loss: 1.4145940376652613
Epoch: 184, Val Acc: 0.8229708116753298,  Val Loss: 3.927215701341629, BEST ACC:0.8340663734506197
Epoch: 185, Train Acc: 0.8242026891876876,  Train Loss: 1.161140074332555
Epoch: 185, Val Acc: 0.819672131147541,  Val Loss: 4.022437173128129, BEST ACC:0.8340663734506197
Epoch: 186, Train Acc: 0.8303144793865985,  Train Loss: 1.3021536833710141
Epoch: 186, Val Acc: 0.8290683726509396,  Val Loss: 3.7540865361690523, BEST ACC:0.8340663734506197
Epoch: 187, Train Acc: 0.8242026891876876,  Train Loss: 1.3590572178363798
Epoch: 187, Val Acc: 0.8105757696921232,  Val Loss: 3.676103693246842, BEST ACC:0.8340663734506197
Epoch: 188, Train Acc: 0.821091232359151,  Train Loss: 1.3177065783076816
Epoch: 188, Val Acc: 0.8284686125549781,  Val Loss: 3.9164217948913573, BEST ACC:0.8340663734506197
Epoch: 189, Train Acc: 0.8288698744304923,  Train Loss: 1.2416022088792589
Epoch: 189, Val Acc: 0.828968412634946,  Val Loss: 3.8597707808017736, BEST ACC:0.8340663734506197
Epoch: 190, Train Acc: 0.827425269474386,  Train Loss: 1.346804529428482
Epoch: 190, Val Acc: 0.8197720911635346,  Val Loss: 4.073861765861511, BEST ACC:0.8340663734506197
Epoch: 191, Train Acc: 0.8244249361040116,  Train Loss: 1.236867073509428
Epoch: 191, Val Acc: 0.8224710115953618,  Val Loss: 3.7000689923763272, BEST ACC:0.8340663734506197
Epoch: 192, Train Acc: 0.8326480720080008,  Train Loss: 1.4025370776653292
Epoch: 192, Val Acc: 0.8246701319472212,  Val Loss: 3.8021435379982, BEST ACC:0.8340663734506197
Epoch: 193, Train Acc: 0.8309812201355706,  Train Loss: 1.3723999294969769
Epoch: 193, Val Acc: 0.8178728508596561,  Val Loss: 3.8357707321643826, BEST ACC:0.8340663734506197
Epoch: 194, Train Acc: 0.8200911212356928,  Train Loss: 1.473038454850515
Epoch: 194, Val Acc: 0.8205717712914834,  Val Loss: 3.868426710367203, BEST ACC:0.8340663734506197
Epoch: 195, Train Acc: 0.8242026891876876,  Train Loss: 1.3717009491390653
Epoch: 195, Val Acc: 0.8161735305877649,  Val Loss: 3.652231842279434, BEST ACC:0.8340663734506197
Epoch: 196, Train Acc: 0.8192021335703967,  Train Loss: 1.431182824903064
Epoch: 196, Val Acc: 0.8319672131147541,  Val Loss: 3.824126043915748, BEST ACC:0.8340663734506197
Epoch: 197, Train Acc: 0.8304256028447605,  Train Loss: 1.3125744428899553
Epoch: 197, Val Acc: 0.8257696921231508,  Val Loss: 3.7535133183002474, BEST ACC:0.8340663734506197
Epoch: 198, Train Acc: 0.8342038004222692,  Train Loss: 1.2481148905224269
Epoch: 198, Val Acc: 0.8307676929228308,  Val Loss: 3.4926814377307887, BEST ACC:0.8340663734506197
Epoch: 199, Train Acc: 0.8207578619846649,  Train Loss: 1.2958257065878975
Epoch: 199, Val Acc: 0.8299680127948821,  Val Loss: 3.6781759679317476, BEST ACC:0.8340663734506197
Test Acc: 0.7479108635097493
