{'lr': [0.5, 0.1, 1e-05, 0.0001, 0.005, 0.001, 0.05, 0.01], 'wd': [0, 1e-06, 1e-05, 0.0001], 'unfreeze': True}
Current Config: LR = 0.5  WD = 0 Acc:0.4399240303878449 Loss: 1.4858262360095975 
Current Config: LR = 0.5  WD = 1e-06 Acc:0.2719912035185926 Loss: 1.8936197578907015 
Current Config: LR = 0.5  WD = 1e-05 Acc:0.3073770491803279 Loss: 2.0229571521282192 
Current Config: LR = 0.5  WD = 0.0001 Acc:0.2035185925629748 Loss: 2.029684317111969 
Current Config: LR = 0.1  WD = 0 Acc:0.6268492602958816 Loss: 5.375912666320802 
Current Config: LR = 0.1  WD = 1e-06 Acc:0.59656137544982 Loss: 4.6963550686836255 
Current Config: LR = 0.1  WD = 1e-05 Acc:0.6931227508996401 Loss: 5.567725634574891 
Current Config: LR = 0.1  WD = 0.0001 Acc:0.5437824870051979 Loss: 4.360879200696946 
Current Config: LR = 1e-05  WD = 0 Acc:0.5994602159136345 Loss: 2.2635450482368467 
Current Config: LR = 1e-05  WD = 1e-06 Acc:0.6035585765693723 Loss: 2.3136737525463107 
Current Config: LR = 1e-05  WD = 1e-05 Acc:0.5896641343462615 Loss: 2.5524064302444462 
Current Config: LR = 1e-05  WD = 0.0001 Acc:0.5680727708916433 Loss: 2.42848528623581 
Current Config: LR = 0.0001  WD = 0 Acc:0.747001199520192 Loss: 1.0053056478500366 
Current Config: LR = 0.0001  WD = 1e-06 Acc:0.7454018392642943 Loss: 1.0209411591291429 
Current Config: LR = 0.0001  WD = 1e-05 Acc:0.7429028388644542 Loss: 1.0349315792322158 
Current Config: LR = 0.0001  WD = 0.0001 Acc:0.7453018792483007 Loss: 1.0491436451673508 
Current Config: LR = 0.005  WD = 0 Acc:0.7918832467013195 Loss: 16.86081051826477 
Current Config: LR = 0.005  WD = 1e-06 Acc:0.7833866453418633 Loss: 21.41470060348511 
Current Config: LR = 0.005  WD = 1e-05 Acc:0.788984406237505 Loss: 16.55508499145508 
Current Config: LR = 0.005  WD = 0.0001 Acc:0.7813874450219912 Loss: 16.0395339012146 
Current Config: LR = 0.001  WD = 0 Acc:0.796781287485006 Loss: 2.9141276597976686 
Current Config: LR = 0.001  WD = 1e-06 Acc:0.7802878848460616 Loss: 2.8596471786499027 
Current Config: LR = 0.001  WD = 1e-05 Acc:0.7908836465413834 Loss: 3.4079641342163085 
Current Config: LR = 0.001  WD = 0.0001 Acc:0.7642942822870852 Loss: 3.6616820335388187 
Current Config: LR = 0.05  WD = 0 Acc:0.8084766093562575 Loss: 18.44561867713928 
Current Config: LR = 0.05  WD = 1e-06 Acc:0.8213714514194322 Loss: 22.53612732887268 
Current Config: LR = 0.05  WD = 1e-05 Acc:0.7937824870051979 Loss: 15.053739023208616 
Current Config: LR = 0.05  WD = 0.0001 Acc:0.8183726509396242 Loss: 25.632432937622074 
Current Config: LR = 0.01  WD = 0 Acc:0.7992802878848461 Loss: 24.06935272216797 
Current Config: LR = 0.01  WD = 1e-06 Acc:0.8002798880447821 Loss: 26.32124166488647 
Current Config: LR = 0.01  WD = 1e-05 Acc:0.8006797281087565 Loss: 28.971386241912846 
Current Config: LR = 0.01  WD = 0.0001 Acc:0.7814874050379849 Loss: 34.82898969650269 
