Creating directory: results
Creating directory: results/checkpoints
Current Config: {'lr': 0.01, 'wd': 0.0001, 'epochs': 200}
Achieved New Best Acc: 0.25589764094362255
Epoch: 0, Train Acc: 0.3369263251472386,  Train Loss: 1.77379133966234
Epoch: 0, Val Acc: 0.25589764094362255,  Val Loss: 2.363429379463196, BEST ACC:0.25589764094362255
Achieved New Best Acc: 0.5257896841263494
Epoch: 1, Train Acc: 0.5079453272585843,  Train Loss: 1.2868173056178622
Epoch: 1, Val Acc: 0.5257896841263494,  Val Loss: 1.4055895030498506, BEST ACC:0.5257896841263494
Achieved New Best Acc: 0.5565773690523791
Epoch: 2, Train Acc: 0.5980664518279809,  Train Loss: 1.056769304805332
Epoch: 2, Val Acc: 0.5565773690523791,  Val Loss: 1.2489110231399538, BEST ACC:0.5565773690523791
Achieved New Best Acc: 0.6220511795281887
Epoch: 3, Train Acc: 0.6430714523835982,  Train Loss: 0.93662029504776
Epoch: 3, Val Acc: 0.6220511795281887,  Val Loss: 1.013520708680153, BEST ACC:0.6220511795281887
Achieved New Best Acc: 0.6267493002798881
Epoch: 4, Train Acc: 0.6702966996332926,  Train Loss: 0.8771288759178585
Epoch: 4, Val Acc: 0.6267493002798881,  Val Loss: 1.0092789381742477, BEST ACC:0.6267493002798881
Achieved New Best Acc: 0.6732307077169132
Epoch: 5, Train Acc: 0.691521280142238,  Train Loss: 0.8144943449232315
Epoch: 5, Val Acc: 0.6732307077169132,  Val Loss: 0.8893348097801207, BEST ACC:0.6732307077169132
Epoch: 6, Train Acc: 0.6894099344371597,  Train Loss: 0.8047837813695272
Epoch: 6, Val Acc: 0.6706317473010796,  Val Loss: 0.8872185468673705, BEST ACC:0.6732307077169132
Achieved New Best Acc: 0.6930227908836465
Epoch: 7, Train Acc: 0.6947438604289365,  Train Loss: 0.8000145885679457
Epoch: 7, Val Acc: 0.6930227908836465,  Val Loss: 0.8152878522872924, BEST ACC:0.6930227908836465
Achieved New Best Acc: 0.705217912834866
Epoch: 8, Train Acc: 0.7154128236470719,  Train Loss: 0.7382130655977461
Epoch: 8, Val Acc: 0.705217912834866,  Val Loss: 0.7621658653020859, BEST ACC:0.705217912834866
Achieved New Best Acc: 0.7169132347061176
Epoch: 9, Train Acc: 0.7270807867540838,  Train Loss: 0.7096582982275222
Epoch: 9, Val Acc: 0.7169132347061176,  Val Loss: 0.758475998044014, BEST ACC:0.7169132347061176
Epoch: 10, Train Acc: 0.7365262806978553,  Train Loss: 0.6794888310962253
Epoch: 10, Val Acc: 0.6877249100359856,  Val Loss: 0.8293596565723418, BEST ACC:0.7169132347061176
Achieved New Best Acc: 0.7250099960015993
Epoch: 11, Train Acc: 0.7460828980997889,  Train Loss: 0.6575383543968202
Epoch: 11, Val Acc: 0.7250099960015993,  Val Loss: 0.7893642842769623, BEST ACC:0.7250099960015993
Achieved New Best Acc: 0.7456017592962815
Epoch: 12, Train Acc: 0.7479719968885432,  Train Loss: 0.6523362331920199
Epoch: 12, Val Acc: 0.7456017592962815,  Val Loss: 0.6902854323387145, BEST ACC:0.7456017592962815
Achieved New Best Acc: 0.7598960415833667
Epoch: 13, Train Acc: 0.7551950216690744,  Train Loss: 0.6348106331295438
Epoch: 13, Val Acc: 0.7598960415833667,  Val Loss: 0.6567733466625214, BEST ACC:0.7598960415833667
Epoch: 14, Train Acc: 0.7759751083453718,  Train Loss: 0.6000266058577433
Epoch: 14, Val Acc: 0.7530987604958017,  Val Loss: 0.6723813086748125, BEST ACC:0.7598960415833667
Achieved New Best Acc: 0.7747900839664135
Epoch: 15, Train Acc: 0.771641293477053,  Train Loss: 0.5830839872360227
Epoch: 15, Val Acc: 0.7747900839664135,  Val Loss: 0.6074589610099792, BEST ACC:0.7747900839664135
Epoch: 16, Train Acc: 0.7858650961217913,  Train Loss: 0.5688561350107193
Epoch: 16, Val Acc: 0.7434026389444223,  Val Loss: 0.6923848658800125, BEST ACC:0.7747900839664135
Epoch: 17, Train Acc: 0.7884209356595178,  Train Loss: 0.553466142879592
Epoch: 17, Val Acc: 0.7474010395841664,  Val Loss: 0.7357846528291703, BEST ACC:0.7747900839664135
Epoch: 18, Train Acc: 0.7997555283920436,  Train Loss: 0.5283002687825097
Epoch: 18, Val Acc: 0.7674930027988804,  Val Loss: 0.6307691276073455, BEST ACC:0.7747900839664135
Achieved New Best Acc: 0.7921831267493002
Epoch: 19, Train Acc: 0.8039782198022002,  Train Loss: 0.5057957023382187
Epoch: 19, Val Acc: 0.7921831267493002,  Val Loss: 0.5751120179891587, BEST ACC:0.7921831267493002
Achieved New Best Acc: 0.7934826069572171
Epoch: 20, Train Acc: 0.8123124791643516,  Train Loss: 0.494376571642028
Epoch: 20, Val Acc: 0.7934826069572171,  Val Loss: 0.572776710987091, BEST ACC:0.7934826069572171
Epoch: 21, Train Acc: 0.8137570841204578,  Train Loss: 0.49201141463385684
Epoch: 21, Val Acc: 0.7252099160335865,  Val Loss: 0.7411444574594497, BEST ACC:0.7934826069572171
Achieved New Best Acc: 0.8074770091963215
Epoch: 22, Train Acc: 0.8164240471163463,  Train Loss: 0.4783913244803747
Epoch: 22, Val Acc: 0.8074770091963215,  Val Loss: 0.5429600715637207, BEST ACC:0.8074770091963215
Epoch: 23, Train Acc: 0.8208689854428269,  Train Loss: 0.47324722177452505
Epoch: 23, Val Acc: 0.8053778488604558,  Val Loss: 0.5475447356700898, BEST ACC:0.8074770091963215
Achieved New Best Acc: 0.8096761295481807
Epoch: 24, Train Acc: 0.8219802200244472,  Train Loss: 0.4674033787515429
Epoch: 24, Val Acc: 0.8096761295481807,  Val Loss: 0.5356834128499031, BEST ACC:0.8096761295481807
Epoch: 25, Train Acc: 0.8302033559284365,  Train Loss: 0.4600576394134099
Epoch: 25, Val Acc: 0.8064774090363854,  Val Loss: 0.5378624618053435, BEST ACC:0.8096761295481807
Achieved New Best Acc: 0.8157736905237905
Epoch: 26, Train Acc: 0.8314257139682187,  Train Loss: 0.44933592776457465
Epoch: 26, Val Acc: 0.8157736905237905,  Val Loss: 0.5182668030261993, BEST ACC:0.8157736905237905
Epoch: 27, Train Acc: 0.8360928992110235,  Train Loss: 0.42944072352515317
Epoch: 27, Val Acc: 0.7921831267493002,  Val Loss: 0.5926536560058592, BEST ACC:0.8157736905237905
Epoch: 28, Train Acc: 0.8457606400711191,  Train Loss: 0.4156327611870236
Epoch: 28, Val Acc: 0.813874450219912,  Val Loss: 0.5426469489932061, BEST ACC:0.8157736905237905
Epoch: 29, Train Acc: 0.8370930103344816,  Train Loss: 0.4321220500601663
Epoch: 29, Val Acc: 0.7991803278688525,  Val Loss: 0.5542587965726853, BEST ACC:0.8157736905237905
Epoch: 30, Train Acc: 0.8313145905100566,  Train Loss: 0.4421998759110769
Epoch: 30, Val Acc: 0.7946821271491403,  Val Loss: 0.6051223650574684, BEST ACC:0.8157736905237905
Epoch: 31, Train Acc: 0.8439826647405267,  Train Loss: 0.40884476237826883
Epoch: 31, Val Acc: 0.7913834466213514,  Val Loss: 0.5938232272863389, BEST ACC:0.8157736905237905
Achieved New Best Acc: 0.8331667333066773
Epoch: 32, Train Acc: 0.8472052450272253,  Train Loss: 0.39302337831921047
Epoch: 32, Val Acc: 0.8331667333066773,  Val Loss: 0.4856505140662193, BEST ACC:0.8331667333066773
Epoch: 33, Train Acc: 0.8497610845649517,  Train Loss: 0.3930394219027626
Epoch: 33, Val Acc: 0.8239704118352659,  Val Loss: 0.4971951499581337, BEST ACC:0.8331667333066773
Epoch: 34, Train Acc: 0.8495388376486276,  Train Loss: 0.38839254279931384
Epoch: 34, Val Acc: 0.7766893242702919,  Val Loss: 0.6559316873550414, BEST ACC:0.8331667333066773
Epoch: 35, Train Acc: 0.8572063562618069,  Train Loss: 0.3750215437677172
Epoch: 35, Val Acc: 0.8003798480607757,  Val Loss: 0.5588678702712059, BEST ACC:0.8331667333066773
Epoch: 36, Train Acc: 0.8669852205800644,  Train Loss: 0.3646219736999935
Epoch: 36, Val Acc: 0.7753898440623751,  Val Loss: 0.6998083233833313, BEST ACC:0.8331667333066773
Epoch: 37, Train Acc: 0.8686520724524948,  Train Loss: 0.341198162900077
Epoch: 37, Val Acc: 0.813374650139944,  Val Loss: 0.5559795781970024, BEST ACC:0.8331667333066773
Epoch: 38, Train Acc: 0.8596510723413713,  Train Loss: 0.3591942290465037
Epoch: 38, Val Acc: 0.802578968412635,  Val Loss: 0.6256627947092056, BEST ACC:0.8331667333066773
Epoch: 39, Train Acc: 0.8588732081342372,  Train Loss: 0.36384368439515435
Epoch: 39, Val Acc: 0.7991803278688525,  Val Loss: 0.5984229192137719, BEST ACC:0.8331667333066773
Epoch: 40, Train Acc: 0.869874430492277,  Train Loss: 0.3446744034687679
Epoch: 40, Val Acc: 0.804078368652539,  Val Loss: 0.6341778486967088, BEST ACC:0.8331667333066773
Epoch: 41, Train Acc: 0.8733192576952995,  Train Loss: 0.33108173807462066
Epoch: 41, Val Acc: 0.8265693722510996,  Val Loss: 0.49632790833711615, BEST ACC:0.8331667333066773
Epoch: 42, Train Acc: 0.8785420602289143,  Train Loss: 0.3212538725799985
Epoch: 42, Val Acc: 0.8252698920431827,  Val Loss: 0.5322062551975251, BEST ACC:0.8331667333066773
Achieved New Best Acc: 0.8366653338664534
Epoch: 43, Train Acc: 0.8787643071452383,  Train Loss: 0.31900190810362494
Epoch: 43, Val Acc: 0.8366653338664534,  Val Loss: 0.4788597151637078, BEST ACC:0.8366653338664534
Epoch: 44, Train Acc: 0.8772085787309701,  Train Loss: 0.31449273228645325
Epoch: 44, Val Acc: 0.802578968412635,  Val Loss: 0.6615982830524446, BEST ACC:0.8366653338664534
Achieved New Best Acc: 0.8412634946021591
Epoch: 45, Train Acc: 0.882542504722747,  Train Loss: 0.31524666812684804
Epoch: 45, Val Acc: 0.8412634946021591,  Val Loss: 0.4634616240859032, BEST ACC:0.8412634946021591
Epoch: 46, Train Acc: 0.8886542949216579,  Train Loss: 0.29496309740675825
Epoch: 46, Val Acc: 0.8111755297880847,  Val Loss: 0.5548955351114274, BEST ACC:0.8412634946021591
Epoch: 47, Train Acc: 0.8885431714634959,  Train Loss: 0.29525575124555165
Epoch: 47, Val Acc: 0.8031787285085965,  Val Loss: 0.6094942420721055, BEST ACC:0.8412634946021591
Epoch: 48, Train Acc: 0.8795421713523724,  Train Loss: 0.3151292602221171
Epoch: 48, Val Acc: 0.7937824870051979,  Val Loss: 0.6166785836219789, BEST ACC:0.8412634946021591
Achieved New Best Acc: 0.8424630147940824
Epoch: 49, Train Acc: 0.8870985665073897,  Train Loss: 0.29290556576516896
Epoch: 49, Val Acc: 0.8424630147940824,  Val Loss: 0.4878708466887474, BEST ACC:0.8424630147940824
Epoch: 50, Train Acc: 0.8929881097899767,  Train Loss: 0.2767728683021334
Epoch: 50, Val Acc: 0.8344662135145942,  Val Loss: 0.4953737989068031, BEST ACC:0.8424630147940824
Achieved New Best Acc: 0.8533586565373851
Epoch: 51, Train Acc: 0.8887654183798199,  Train Loss: 0.2832141369581222
Epoch: 51, Val Acc: 0.8533586565373851,  Val Loss: 0.4430067852139472, BEST ACC:0.8533586565373851
Epoch: 52, Train Acc: 0.9008778753194799,  Train Loss: 0.2673143694798151
Epoch: 52, Val Acc: 0.8296681327469012,  Val Loss: 0.5159566521644592, BEST ACC:0.8533586565373851
Achieved New Best Acc: 0.8599560175929628
Epoch: 53, Train Acc: 0.9057673074786088,  Train Loss: 0.2536974466509289
Epoch: 53, Val Acc: 0.8599560175929628,  Val Loss: 0.4325851380825043, BEST ACC:0.8599560175929628
Epoch: 54, Train Acc: 0.9011001222358039,  Train Loss: 0.26317503137720955
Epoch: 54, Val Acc: 0.8499600159936026,  Val Loss: 0.45985165238380427, BEST ACC:0.8599560175929628
Epoch: 55, Train Acc: 0.8913212579175464,  Train Loss: 0.28041047271755015
Epoch: 55, Val Acc: 0.8223710515793683,  Val Loss: 0.5591188922524452, BEST ACC:0.8599560175929628
Epoch: 56, Train Acc: 0.901655739526614,  Train Loss: 0.2568529314464993
Epoch: 56, Val Acc: 0.8351659336265493,  Val Loss: 0.5193805426359176, BEST ACC:0.8599560175929628
Epoch: 57, Train Acc: 0.9087676408489832,  Train Loss: 0.24512730538845065
Epoch: 57, Val Acc: 0.8332666933226709,  Val Loss: 0.5175723552703856, BEST ACC:0.8599560175929628
Epoch: 58, Train Acc: 0.9056561840204467,  Train Loss: 0.25361466821697026
Epoch: 58, Val Acc: 0.8260695721711315,  Val Loss: 0.5729642957448958, BEST ACC:0.8599560175929628
Epoch: 59, Train Acc: 0.907211912434715,  Train Loss: 0.2461525905463431
Epoch: 59, Val Acc: 0.854358256697321,  Val Loss: 0.4589006513357163, BEST ACC:0.8599560175929628
Epoch: 60, Train Acc: 0.9203244804978331,  Train Loss: 0.22017344501283437
Epoch: 60, Val Acc: 0.8442622950819673,  Val Loss: 0.4967745825648308, BEST ACC:0.8599560175929628
Epoch: 61, Train Acc: 0.9182131347927548,  Train Loss: 0.22161930716700023
Epoch: 61, Val Acc: 0.8497600959616154,  Val Loss: 0.4641778081655502, BEST ACC:0.8599560175929628
Epoch: 62, Train Acc: 0.9125458384264918,  Train Loss: 0.2233057402902179
Epoch: 62, Val Acc: 0.8403638544582167,  Val Loss: 0.5109167873859406, BEST ACC:0.8599560175929628
Epoch: 63, Train Acc: 0.9224358262029114,  Train Loss: 0.2040269010596805
Epoch: 63, Val Acc: 0.8283686525389844,  Val Loss: 0.5363501757383347, BEST ACC:0.8599560175929628
Epoch: 64, Train Acc: 0.9249916657406378,  Train Loss: 0.19657508449421995
Epoch: 64, Val Acc: 0.8463614554178329,  Val Loss: 0.49410313963890085, BEST ACC:0.8599560175929628
Epoch: 65, Train Acc: 0.9204356039559951,  Train Loss: 0.2099651073416074
Epoch: 65, Val Acc: 0.8151739304278288,  Val Loss: 0.6128066748380661, BEST ACC:0.8599560175929628
Epoch: 66, Train Acc: 0.9209912212468052,  Train Loss: 0.21090959426429542
Epoch: 66, Val Acc: 0.8456617353058776,  Val Loss: 0.5003950327634812, BEST ACC:0.8599560175929628
Epoch: 67, Train Acc: 0.9171019002111346,  Train Loss: 0.2157468307349417
Epoch: 67, Val Acc: 0.7823870451819273,  Val Loss: 0.8466313302516938, BEST ACC:0.8599560175929628
Epoch: 68, Train Acc: 0.9213245916212912,  Train Loss: 0.2126592795054118
Epoch: 68, Val Acc: 0.8492602958816473,  Val Loss: 0.51830732524395, BEST ACC:0.8599560175929628
Epoch: 69, Train Acc: 0.9237693077008556,  Train Loss: 0.19987649304999244
Epoch: 69, Val Acc: 0.8569572171131548,  Val Loss: 0.46269683241844173, BEST ACC:0.8599560175929628
Achieved New Best Acc: 0.86015593762495
Epoch: 70, Train Acc: 0.9305478386487388,  Train Loss: 0.18132222443819043
Epoch: 70, Val Acc: 0.86015593762495,  Val Loss: 0.4638269037008285, BEST ACC:0.86015593762495
Epoch: 71, Train Acc: 0.9349927769752194,  Train Loss: 0.17895493076907265
Epoch: 71, Val Acc: 0.8409636145541783,  Val Loss: 0.5370328664779663, BEST ACC:0.86015593762495
Epoch: 72, Train Acc: 0.9376597399711079,  Train Loss: 0.17138960129684871
Epoch: 72, Val Acc: 0.8592562974810076,  Val Loss: 0.4774748921394349, BEST ACC:0.86015593762495
Epoch: 73, Train Acc: 0.9335481720191132,  Train Loss: 0.1751897053586112
Epoch: 73, Val Acc: 0.852359056377449,  Val Loss: 0.5050479739904403, BEST ACC:0.86015593762495
Epoch: 74, Train Acc: 0.9292143571507945,  Train Loss: 0.1873629970682992
Epoch: 74, Val Acc: 0.8472610955617753,  Val Loss: 0.506706553697586, BEST ACC:0.86015593762495
Epoch: 75, Train Acc: 0.9265473941549061,  Train Loss: 0.18351858357588452
Epoch: 75, Val Acc: 0.8386645341863255,  Val Loss: 0.5462892383337021, BEST ACC:0.86015593762495
Achieved New Best Acc: 0.867453018792483
Epoch: 76, Train Acc: 0.9286587398599845,  Train Loss: 0.1758435136742062
Epoch: 76, Val Acc: 0.867453018792483,  Val Loss: 0.45237441509962084, BEST ACC:0.867453018792483
Epoch: 77, Train Acc: 0.9369929992221357,  Train Loss: 0.16229475372367436
Epoch: 77, Val Acc: 0.8644542183126749,  Val Loss: 0.46390046328306195, BEST ACC:0.867453018792483
Achieved New Best Acc: 0.8676529388244703
Epoch: 78, Train Acc: 0.9362151350150016,  Train Loss: 0.16093853654132947
Epoch: 78, Val Acc: 0.8676529388244703,  Val Loss: 0.44256634861230854, BEST ACC:0.8676529388244703
Epoch: 79, Train Acc: 0.9364373819313258,  Train Loss: 0.16722346014446682
Epoch: 79, Val Acc: 0.8539584166333467,  Val Loss: 0.5255145251750946, BEST ACC:0.8676529388244703
Epoch: 80, Train Acc: 0.9357706411823536,  Train Loss: 0.1647187653515074
Epoch: 80, Val Acc: 0.8574570171931227,  Val Loss: 0.4755401477217675, BEST ACC:0.8676529388244703
Epoch: 81, Train Acc: 0.9368818757639737,  Train Loss: 0.16557580480972925
Epoch: 81, Val Acc: 0.8504598160735706,  Val Loss: 0.5288028433918952, BEST ACC:0.8676529388244703
Epoch: 82, Train Acc: 0.9343260362262473,  Train Loss: 0.17318807542324063
Epoch: 82, Val Acc: 0.810875649740104,  Val Loss: 0.6997395008802414, BEST ACC:0.8676529388244703
Epoch: 83, Train Acc: 0.9414379375486165,  Train Loss: 0.15563401000367266
Epoch: 83, Val Acc: 0.8526589364254298,  Val Loss: 0.5303513169288634, BEST ACC:0.8676529388244703
Epoch: 84, Train Acc: 0.9432159128792088,  Train Loss: 0.1457447252339787
Epoch: 84, Val Acc: 0.8632546981207517,  Val Loss: 0.4626609534025193, BEST ACC:0.8676529388244703
Achieved New Best Acc: 0.869452219112355
Epoch: 85, Train Acc: 0.9482164684964997,  Train Loss: 0.13890985606445208
Epoch: 85, Val Acc: 0.869452219112355,  Val Loss: 0.4624796256422997, BEST ACC:0.869452219112355
Epoch: 86, Train Acc: 0.9523280364484943,  Train Loss: 0.12500498650802505
Epoch: 86, Val Acc: 0.8188724510195922,  Val Loss: 0.7143468856811522, BEST ACC:0.869452219112355
Epoch: 87, Train Acc: 0.9494388265362818,  Train Loss: 0.13489368723498452
Epoch: 87, Val Acc: 0.8325669732107157,  Val Loss: 0.6404219567775726, BEST ACC:0.869452219112355
Epoch: 88, Train Acc: 0.9498833203689299,  Train Loss: 0.131760878695382
Epoch: 88, Val Acc: 0.8658536585365854,  Val Loss: 0.48107264935970306, BEST ACC:0.869452219112355
Epoch: 89, Train Acc: 0.9399933325925103,  Train Loss: 0.15744130851493945
Epoch: 89, Val Acc: 0.8605557776889244,  Val Loss: 0.5017813384532929, BEST ACC:0.869452219112355
Epoch: 90, Train Acc: 0.9442160240026669,  Train Loss: 0.1483474746346474
Epoch: 90, Val Acc: 0.8540583766493403,  Val Loss: 0.5338004723191261, BEST ACC:0.869452219112355
Epoch: 91, Train Acc: 0.9481053450383375,  Train Loss: 0.1345027093258169
Epoch: 91, Val Acc: 0.8624550179928029,  Val Loss: 0.49303601235151284, BEST ACC:0.869452219112355
Epoch: 92, Train Acc: 0.9488832092454718,  Train Loss: 0.13526650145649913
Epoch: 92, Val Acc: 0.8604558176729308,  Val Loss: 0.5127525761723517, BEST ACC:0.869452219112355
Epoch: 93, Train Acc: 0.95043893765974,  Train Loss: 0.1335002121826013
Epoch: 93, Val Acc: 0.7963814474210316,  Val Loss: 0.8271389335393906, BEST ACC:0.869452219112355
Epoch: 94, Train Acc: 0.9552172463607067,  Train Loss: 0.12017459215389359
Epoch: 94, Val Acc: 0.8675529788084766,  Val Loss: 0.4969204530119895, BEST ACC:0.869452219112355
Epoch: 95, Train Acc: 0.9542171352372486,  Train Loss: 0.12562234989470908
Epoch: 95, Val Acc: 0.8004798080767693,  Val Loss: 0.7811310917139054, BEST ACC:0.869452219112355
Epoch: 96, Train Acc: 0.9514390487831982,  Train Loss: 0.12716395118170315
Epoch: 96, Val Acc: 0.8622550979608157,  Val Loss: 0.5023866221308709, BEST ACC:0.869452219112355
Epoch: 97, Train Acc: 0.9581064562729192,  Train Loss: 0.11151946418815191
Epoch: 97, Val Acc: 0.8657536985205918,  Val Loss: 0.5233616888523102, BEST ACC:0.869452219112355
Epoch: 98, Train Acc: 0.96310701189021,  Train Loss: 0.10038550073901813
Epoch: 98, Val Acc: 0.8575569772091164,  Val Loss: 0.514072158932686, BEST ACC:0.869452219112355
Epoch: 99, Train Acc: 0.9607734192688077,  Train Loss: 0.10649284596244495
Epoch: 99, Val Acc: 0.8300679728108756,  Val Loss: 0.6374808073043823, BEST ACC:0.869452219112355
Epoch: 100, Train Acc: 0.9509945549505501,  Train Loss: 0.13391403646932706
Epoch: 100, Val Acc: 0.8422630947620952,  Val Loss: 0.6515451759099959, BEST ACC:0.869452219112355
Epoch: 101, Train Acc: 0.9594399377708634,  Train Loss: 0.11814392026927736
Epoch: 101, Val Acc: 0.830967612954818,  Val Loss: 0.6218653798103331, BEST ACC:0.869452219112355
Epoch: 102, Train Acc: 0.9589954439382153,  Train Loss: 0.10741209942433572
Epoch: 102, Val Acc: 0.8053778488604558,  Val Loss: 0.7149060189723968, BEST ACC:0.869452219112355
Epoch: 103, Train Acc: 0.9587731970218913,  Train Loss: 0.10908675400747193
Epoch: 103, Val Acc: 0.8614554178328668,  Val Loss: 0.5479688122868539, BEST ACC:0.869452219112355
Epoch: 104, Train Acc: 0.9602178019779976,  Train Loss: 0.10629905594719781
Epoch: 104, Val Acc: 0.8553578568572571,  Val Loss: 0.5597555205225944, BEST ACC:0.869452219112355
Epoch: 105, Train Acc: 0.9604400488943216,  Train Loss: 0.1075897701084614
Epoch: 105, Val Acc: 0.8344662135145942,  Val Loss: 0.640324929356575, BEST ACC:0.869452219112355
Achieved New Best Acc: 0.8710515793682527
Epoch: 106, Train Acc: 0.9651072341371264,  Train Loss: 0.09850218643744788
Epoch: 106, Val Acc: 0.8710515793682527,  Val Loss: 0.5129563078284263, BEST ACC:0.8710515793682527
Epoch: 107, Train Acc: 0.9599955550616736,  Train Loss: 0.11032972070905897
Epoch: 107, Val Acc: 0.8609556177528989,  Val Loss: 0.5566573247313499, BEST ACC:0.8710515793682527
Epoch: 108, Train Acc: 0.9615512834759418,  Train Loss: 0.1064707761009534
Epoch: 108, Val Acc: 0.8622550979608157,  Val Loss: 0.5361221924424172, BEST ACC:0.8710515793682527
Achieved New Best Acc: 0.8738504598160736
Epoch: 109, Train Acc: 0.9623291476830759,  Train Loss: 0.10317828671799766
Epoch: 109, Val Acc: 0.8738504598160736,  Val Loss: 0.47460767328739156, BEST ACC:0.8738504598160736
Epoch: 110, Train Acc: 0.9642182464718302,  Train Loss: 0.09775962721970347
Epoch: 110, Val Acc: 0.8594562175129948,  Val Loss: 0.5400464519858361, BEST ACC:0.8738504598160736
Epoch: 111, Train Acc: 0.9625513945994,  Train Loss: 0.10593622426191966
Epoch: 111, Val Acc: 0.7976809276289484,  Val Loss: 0.879889965057373, BEST ACC:0.8738504598160736
Epoch: 112, Train Acc: 0.9606622958106457,  Train Loss: 0.10606230795383453
Epoch: 112, Val Acc: 0.8458616553378648,  Val Loss: 0.6219031140208244, BEST ACC:0.8738504598160736
Epoch: 113, Train Acc: 0.9646627403044783,  Train Loss: 0.09548212298088604
Epoch: 113, Val Acc: 0.867952818872451,  Val Loss: 0.48490815907716756, BEST ACC:0.8738504598160736
Epoch: 114, Train Acc: 0.9642182464718302,  Train Loss: 0.09810737416976029
Epoch: 114, Val Acc: 0.8671531387445022,  Val Loss: 0.5332438319921495, BEST ACC:0.8738504598160736
Epoch: 115, Train Acc: 0.9639959995555062,  Train Loss: 0.09768331092264916
Epoch: 115, Val Acc: 0.8323670531787285,  Val Loss: 0.7132164180278777, BEST ACC:0.8738504598160736
Epoch: 116, Train Acc: 0.9619957773085899,  Train Loss: 0.10666295803255506
Epoch: 116, Val Acc: 0.8532586965213914,  Val Loss: 0.5856680363416672, BEST ACC:0.8738504598160736
Epoch: 117, Train Acc: 0.962662518057562,  Train Loss: 0.10044715760482682
Epoch: 117, Val Acc: 0.8386645341863255,  Val Loss: 0.6543562054634094, BEST ACC:0.8738504598160736
Epoch: 118, Train Acc: 0.9639959995555062,  Train Loss: 0.09333193177978198
Epoch: 118, Val Acc: 0.8585565773690523,  Val Loss: 0.54230887144804, BEST ACC:0.8738504598160736
Epoch: 119, Train Acc: 0.9703300366707412,  Train Loss: 0.08304022480216292
Epoch: 119, Val Acc: 0.8708516593362655,  Val Loss: 0.5095452681183814, BEST ACC:0.8738504598160736
Epoch: 120, Train Acc: 0.9639959995555062,  Train Loss: 0.09374009403917526
Epoch: 120, Val Acc: 0.8036785285885646,  Val Loss: 1.0857733279466628, BEST ACC:0.8738504598160736
Epoch: 121, Train Acc: 0.9681075675075008,  Train Loss: 0.08935012647675145
Epoch: 121, Val Acc: 0.8681527389044382,  Val Loss: 0.5398287177085876, BEST ACC:0.8738504598160736
Epoch: 122, Train Acc: 0.9706634070452272,  Train Loss: 0.08360709105100896
Epoch: 122, Val Acc: 0.8490603758496601,  Val Loss: 0.6708624154329301, BEST ACC:0.8738504598160736
Epoch: 123, Train Acc: 0.9662184687187465,  Train Loss: 0.08683885282112493
Epoch: 123, Val Acc: 0.8630547780887645,  Val Loss: 0.5613303795456885, BEST ACC:0.8738504598160736
Epoch: 124, Train Acc: 0.9653294810534504,  Train Loss: 0.09610678648783101
Epoch: 124, Val Acc: 0.8731507397041184,  Val Loss: 0.5224996313452721, BEST ACC:0.8738504598160736
Epoch: 125, Train Acc: 0.9614401600177798,  Train Loss: 0.10239260871377256
Epoch: 125, Val Acc: 0.8476609356257497,  Val Loss: 0.6443357467651366, BEST ACC:0.8738504598160736
Epoch: 126, Train Acc: 0.9653294810534504,  Train Loss: 0.09648448332316345
Epoch: 126, Val Acc: 0.8607556977209116,  Val Loss: 0.566637858748436, BEST ACC:0.8738504598160736
Epoch: 127, Train Acc: 0.969663295921769,  Train Loss: 0.0848356383956141
Epoch: 127, Val Acc: 0.8650539784086365,  Val Loss: 0.562568661570549, BEST ACC:0.8738504598160736
Epoch: 128, Train Acc: 0.9656628514279364,  Train Loss: 0.09470009865860145
Epoch: 128, Val Acc: 0.8636545381847262,  Val Loss: 0.5374292671680451, BEST ACC:0.8738504598160736
Epoch: 129, Train Acc: 0.9724413823758196,  Train Loss: 0.07725081116788916
Epoch: 129, Val Acc: 0.8388644542183127,  Val Loss: 0.637715643644333, BEST ACC:0.8738504598160736
Epoch: 130, Train Acc: 0.9742193577064118,  Train Loss: 0.0693100043055084
Epoch: 130, Val Acc: 0.8734506197520991,  Val Loss: 0.5146706402301788, BEST ACC:0.8738504598160736
Epoch: 131, Train Acc: 0.9745527280808979,  Train Loss: 0.07018966227769852
Epoch: 131, Val Acc: 0.8717512994802079,  Val Loss: 0.5339571937918662, BEST ACC:0.8738504598160736
Epoch: 132, Train Acc: 0.9747749749972219,  Train Loss: 0.07128550153639583
Epoch: 132, Val Acc: 0.8456617353058776,  Val Loss: 0.6192063003778457, BEST ACC:0.8738504598160736
Achieved New Best Acc: 0.8739504198320672
Epoch: 133, Train Acc: 0.9724413823758196,  Train Loss: 0.07855690270662308
Epoch: 133, Val Acc: 0.8739504198320672,  Val Loss: 0.5149756088852881, BEST ACC:0.8739504198320672
Achieved New Best Acc: 0.8789484206317473
Epoch: 134, Train Acc: 0.9703300366707412,  Train Loss: 0.07739932855798137
Epoch: 134, Val Acc: 0.8789484206317473,  Val Loss: 0.5073729947209359, BEST ACC:0.8789484206317473
Epoch: 135, Train Acc: 0.9785531725747305,  Train Loss: 0.06172151366869609
Epoch: 135, Val Acc: 0.8756497401039585,  Val Loss: 0.5045678779482842, BEST ACC:0.8789484206317473
Epoch: 136, Train Acc: 0.9813312590287809,  Train Loss: 0.055042837642961084
Epoch: 136, Val Acc: 0.874250299880048,  Val Loss: 0.5307030260562896, BEST ACC:0.8789484206317473
Epoch: 137, Train Acc: 0.9771085676186243,  Train Loss: 0.06527735334303643
Epoch: 137, Val Acc: 0.8767493002798881,  Val Loss: 0.5368419170379639, BEST ACC:0.8789484206317473
Epoch: 138, Train Acc: 0.9708856539615512,  Train Loss: 0.07973950873646472
Epoch: 138, Val Acc: 0.8779488204718113,  Val Loss: 0.5466811940073967, BEST ACC:0.8789484206317473
Epoch: 139, Train Acc: 0.9722191354594955,  Train Loss: 0.07570577826764847
Epoch: 139, Val Acc: 0.8765493802479009,  Val Loss: 0.5053537338972091, BEST ACC:0.8789484206317473
Epoch: 140, Train Acc: 0.9769974441604623,  Train Loss: 0.06480250155760181
Epoch: 140, Val Acc: 0.8697520991603359,  Val Loss: 0.5392141819000243, BEST ACC:0.8789484206317473
Epoch: 141, Train Acc: 0.9788865429492166,  Train Loss: 0.05547322353555097
Epoch: 141, Val Acc: 0.8777489004398241,  Val Loss: 0.5059927642345428, BEST ACC:0.8789484206317473
Epoch: 142, Train Acc: 0.9805533948216468,  Train Loss: 0.0579095244821575
Epoch: 142, Val Acc: 0.8784486205517793,  Val Loss: 0.49793555587530136, BEST ACC:0.8789484206317473
Achieved New Best Acc: 0.8807477009196322
Epoch: 143, Train Acc: 0.9798866540726747,  Train Loss: 0.05850663201676473
Epoch: 143, Val Acc: 0.8807477009196322,  Val Loss: 0.4998398676514626, BEST ACC:0.8807477009196322
Epoch: 144, Train Acc: 0.9784420491165685,  Train Loss: 0.06138076001985205
Epoch: 144, Val Acc: 0.8751499400239904,  Val Loss: 0.5754698067903518, BEST ACC:0.8807477009196322
Epoch: 145, Train Acc: 0.9784420491165685,  Train Loss: 0.0606999196526077
Epoch: 145, Val Acc: 0.8693522590963615,  Val Loss: 0.5489798620343208, BEST ACC:0.8807477009196322
Achieved New Best Acc: 0.882546981207517
Epoch: 146, Train Acc: 0.9769974441604623,  Train Loss: 0.061962765951951354
Epoch: 146, Val Acc: 0.882546981207517,  Val Loss: 0.5138294368982316, BEST ACC:0.882546981207517
Epoch: 147, Train Acc: 0.9803311479053228,  Train Loss: 0.05832338871227371
Epoch: 147, Val Acc: 0.8683526589364254,  Val Loss: 0.5498164251446724, BEST ACC:0.882546981207517
Epoch: 148, Train Acc: 0.9762195799533282,  Train Loss: 0.06842067009872861
Epoch: 148, Val Acc: 0.8553578568572571,  Val Loss: 0.614878097176552, BEST ACC:0.882546981207517
Achieved New Best Acc: 0.8841463414634146
Epoch: 149, Train Acc: 0.9794421602400266,  Train Loss: 0.05973224393609497
Epoch: 149, Val Acc: 0.8841463414634146,  Val Loss: 0.48778797835111626, BEST ACC:0.8841463414634146
Epoch: 150, Train Acc: 0.9812201355706189,  Train Loss: 0.053304461969269655
Epoch: 150, Val Acc: 0.86015593762495,  Val Loss: 0.5896755814552309, BEST ACC:0.8841463414634146
Epoch: 151, Train Acc: 0.9825536170685631,  Train Loss: 0.05045847511953778
Epoch: 151, Val Acc: 0.8789484206317473,  Val Loss: 0.5601453125476837, BEST ACC:0.8841463414634146
Epoch: 152, Train Acc: 0.9798866540726747,  Train Loss: 0.05355562042031023
Epoch: 152, Val Acc: 0.8787485005997601,  Val Loss: 0.5435884386301042, BEST ACC:0.8841463414634146
Epoch: 153, Train Acc: 0.981997999777753,  Train Loss: 0.048634718896614186
Epoch: 153, Val Acc: 0.8814474210315874,  Val Loss: 0.5379397600889205, BEST ACC:0.8841463414634146
Achieved New Best Acc: 0.8864454218312675
Epoch: 154, Train Acc: 0.9823313701522391,  Train Loss: 0.04643502169185216
Epoch: 154, Val Acc: 0.8864454218312675,  Val Loss: 0.5094334080815315, BEST ACC:0.8864454218312675
Epoch: 155, Train Acc: 0.9823313701522391,  Train Loss: 0.04923599451366399
Epoch: 155, Val Acc: 0.8682526989204318,  Val Loss: 0.6047024101018905, BEST ACC:0.8864454218312675
Epoch: 156, Train Acc: 0.9785531725747305,  Train Loss: 0.05831529117292828
Epoch: 156, Val Acc: 0.8775489804078369,  Val Loss: 0.5531532675027847, BEST ACC:0.8864454218312675
Epoch: 157, Train Acc: 0.9807756417379709,  Train Loss: 0.05292994653185209
Epoch: 157, Val Acc: 0.852359056377449,  Val Loss: 0.669026255607605, BEST ACC:0.8864454218312675
Epoch: 158, Train Acc: 0.981775752861429,  Train Loss: 0.052112081191606
Epoch: 158, Val Acc: 0.8851459416233507,  Val Loss: 0.5239896029233934, BEST ACC:0.8864454218312675
Epoch: 159, Train Acc: 0.9825536170685631,  Train Loss: 0.048448188023434736
Epoch: 159, Val Acc: 0.8442622950819673,  Val Loss: 0.6767877280712129, BEST ACC:0.8864454218312675
Epoch: 160, Train Acc: 0.981997999777753,  Train Loss: 0.050949384768803924
Epoch: 160, Val Acc: 0.8776489404238305,  Val Loss: 0.5469144850969314, BEST ACC:0.8864454218312675
Epoch: 161, Train Acc: 0.9834426047338594,  Train Loss: 0.048449550755321986
Epoch: 161, Val Acc: 0.87624950019992,  Val Loss: 0.6144556418061256, BEST ACC:0.8864454218312675
Epoch: 162, Train Acc: 0.9808867651961329,  Train Loss: 0.05715803346700138
Epoch: 162, Val Acc: 0.8744502199120352,  Val Loss: 0.5796759903430938, BEST ACC:0.8864454218312675
Epoch: 163, Train Acc: 0.981886876319591,  Train Loss: 0.05327161577426725
Epoch: 163, Val Acc: 0.8756497401039585,  Val Loss: 0.5621473297476769, BEST ACC:0.8864454218312675
Epoch: 164, Train Acc: 0.981775752861429,  Train Loss: 0.052387138207753495
Epoch: 164, Val Acc: 0.8806477409036385,  Val Loss: 0.5689063832163811, BEST ACC:0.8864454218312675
Epoch: 165, Train Acc: 0.9826647405267251,  Train Loss: 0.05115412786189052
Epoch: 165, Val Acc: 0.8599560175929628,  Val Loss: 0.6384876191616059, BEST ACC:0.8864454218312675
Epoch: 166, Train Acc: 0.9825536170685631,  Train Loss: 0.05046652930064335
Epoch: 166, Val Acc: 0.8809476209516194,  Val Loss: 0.5410326227545738, BEST ACC:0.8864454218312675
Epoch: 167, Train Acc: 0.9836648516501834,  Train Loss: 0.04855473380949762
Epoch: 167, Val Acc: 0.8781487405037984,  Val Loss: 0.5564186066389083, BEST ACC:0.8864454218312675
Epoch: 168, Train Acc: 0.9847760862318036,  Train Loss: 0.04034449739588632
Epoch: 168, Val Acc: 0.866953218712515,  Val Loss: 0.6574537754058838, BEST ACC:0.8864454218312675
Epoch: 169, Train Acc: 0.9825536170685631,  Train Loss: 0.05069379084226158
Epoch: 169, Val Acc: 0.8771491403438625,  Val Loss: 0.555115918815136, BEST ACC:0.8864454218312675
Epoch: 170, Train Acc: 0.9833314812756973,  Train Loss: 0.04413305388556586
Epoch: 170, Val Acc: 0.8816473410635746,  Val Loss: 0.5438975453376769, BEST ACC:0.8864454218312675
Epoch: 171, Train Acc: 0.9846649627736415,  Train Loss: 0.04481556111325821
Epoch: 171, Val Acc: 0.8861455417832866,  Val Loss: 0.5520891293883323, BEST ACC:0.8864454218312675
Epoch: 172, Train Acc: 0.9872208023113679,  Train Loss: 0.04084219204054938
Epoch: 172, Val Acc: 0.8560575769692124,  Val Loss: 0.6647817358374595, BEST ACC:0.8864454218312675
Achieved New Best Acc: 0.8882447021191523
Epoch: 173, Train Acc: 0.987554172685854,  Train Loss: 0.03502472779817052
Epoch: 173, Val Acc: 0.8882447021191523,  Val Loss: 0.5261350318789483, BEST ACC:0.8882447021191523
Epoch: 174, Train Acc: 0.9859984442715858,  Train Loss: 0.039019886973417475
Epoch: 174, Val Acc: 0.8720511795281887,  Val Loss: 0.6078287363052369, BEST ACC:0.8882447021191523
Epoch: 175, Train Acc: 0.9889987776419602,  Train Loss: 0.03337987248475353
Epoch: 175, Val Acc: 0.8861455417832866,  Val Loss: 0.5277765125036239, BEST ACC:0.8882447021191523
Epoch: 176, Train Acc: 0.9848872096899656,  Train Loss: 0.04487666353169416
Epoch: 176, Val Acc: 0.8744502199120352,  Val Loss: 0.6160989344120026, BEST ACC:0.8882447021191523
Epoch: 177, Train Acc: 0.9841093454828315,  Train Loss: 0.045409392668969095
Epoch: 177, Val Acc: 0.8720511795281887,  Val Loss: 0.598520813882351, BEST ACC:0.8882447021191523
Epoch: 178, Train Acc: 0.9847760862318036,  Train Loss: 0.046236272694336035
Epoch: 178, Val Acc: 0.8776489404238305,  Val Loss: 0.5578766703605652, BEST ACC:0.8882447021191523
Epoch: 179, Train Acc: 0.9881097899766641,  Train Loss: 0.038449152941919036
Epoch: 179, Val Acc: 0.8705517792882846,  Val Loss: 0.6154610842466356, BEST ACC:0.8882447021191523
Epoch: 180, Train Acc: 0.9864429381042338,  Train Loss: 0.040342946536839
Epoch: 180, Val Acc: 0.872750899640144,  Val Loss: 0.6312478780746461, BEST ACC:0.8882447021191523
Epoch: 181, Train Acc: 0.9856650738970997,  Train Loss: 0.04041510499599907
Epoch: 181, Val Acc: 0.8874450219912036,  Val Loss: 0.525622472167015, BEST ACC:0.8882447021191523
Epoch: 182, Train Acc: 0.9864429381042338,  Train Loss: 0.03931884995351235
Epoch: 182, Val Acc: 0.8875449820071971,  Val Loss: 0.5343383669853211, BEST ACC:0.8882447021191523
Epoch: 183, Train Acc: 0.9862206911879098,  Train Loss: 0.039197616693046354
Epoch: 183, Val Acc: 0.8797481007596961,  Val Loss: 0.5678848639130591, BEST ACC:0.8882447021191523
Epoch: 184, Train Acc: 0.9857761973552617,  Train Loss: 0.04138238365865416
Epoch: 184, Val Acc: 0.8658536585365854,  Val Loss: 0.6537720829248429, BEST ACC:0.8882447021191523
Epoch: 185, Train Acc: 0.9855539504389377,  Train Loss: 0.04070240103950103
Epoch: 185, Val Acc: 0.8836465413834467,  Val Loss: 0.5520072013139724, BEST ACC:0.8882447021191523
Epoch: 186, Train Acc: 0.9869985553950439,  Train Loss: 0.039687349512759186
Epoch: 186, Val Acc: 0.7999800079968012,  Val Loss: 1.3858715593814848, BEST ACC:0.8882447021191523
Epoch: 187, Train Acc: 0.9834426047338594,  Train Loss: 0.047541216636697456
Epoch: 187, Val Acc: 0.8811475409836066,  Val Loss: 0.5619141206145286, BEST ACC:0.8882447021191523
Epoch: 188, Train Acc: 0.9839982220246694,  Train Loss: 0.04296139193077882
Epoch: 188, Val Acc: 0.8660535785685726,  Val Loss: 0.6698727995157243, BEST ACC:0.8882447021191523
Epoch: 189, Train Acc: 0.9835537281920214,  Train Loss: 0.045772311795088984
Epoch: 189, Val Acc: 0.8769492203118753,  Val Loss: 0.5958000659942627, BEST ACC:0.8882447021191523
Epoch: 190, Train Acc: 0.9851094566062896,  Train Loss: 0.04295963669816653
Epoch: 190, Val Acc: 0.8787485005997601,  Val Loss: 0.5522997990250588, BEST ACC:0.8882447021191523
Epoch: 191, Train Acc: 0.9871096788532059,  Train Loss: 0.040043557580146515
Epoch: 191, Val Acc: 0.8876449420231908,  Val Loss: 0.5283477008342742, BEST ACC:0.8882447021191523
Epoch: 192, Train Acc: 0.9881097899766641,  Train Loss: 0.034847964636153646
Epoch: 192, Val Acc: 0.8796481407437026,  Val Loss: 0.5708237424492835, BEST ACC:0.8882447021191523
Epoch: 193, Train Acc: 0.987554172685854,  Train Loss: 0.03514561553796132
Epoch: 193, Val Acc: 0.8848460615753698,  Val Loss: 0.5544583275914192, BEST ACC:0.8882447021191523
Epoch: 194, Train Acc: 0.98733192576953,  Train Loss: 0.03767622381241785
Epoch: 194, Val Acc: 0.8826469412235106,  Val Loss: 0.5335922911763191, BEST ACC:0.8882447021191523
Epoch: 195, Train Acc: 0.9863318146460718,  Train Loss: 0.041212424584147006
Epoch: 195, Val Acc: 0.8749500199920032,  Val Loss: 0.5869323894381525, BEST ACC:0.8882447021191523
Epoch: 196, Train Acc: 0.9852205800644516,  Train Loss: 0.042569403536617756
Epoch: 196, Val Acc: 0.880547780887645,  Val Loss: 0.5427911520004272, BEST ACC:0.8882447021191523
Epoch: 197, Train Acc: 0.9844427158573175,  Train Loss: 0.04179130297982031
Epoch: 197, Val Acc: 0.8750499800079968,  Val Loss: 0.6300739586353302, BEST ACC:0.8882447021191523
Epoch: 198, Train Acc: 0.9859984442715858,  Train Loss: 0.040833094364239104
Epoch: 198, Val Acc: 0.8579568172730908,  Val Loss: 0.6643793970346452, BEST ACC:0.8882447021191523
Epoch: 199, Train Acc: 0.9862206911879098,  Train Loss: 0.036987491365936064
Epoch: 199, Val Acc: 0.8682526989204318,  Val Loss: 0.6332386344671249, BEST ACC:0.8882447021191523
Test Acc: 0.700974930362117
