Current Config: LR = 1e-05  WD = 0 Acc:0.22920831667333066 Loss: 2.0552800536155704 
Current Config: LR = 1e-05  WD = 1e-06 Acc:0.24250299880047982 Loss: 1.9892039060592652 
Current Config: LR = 1e-05  WD = 1e-05 Acc:0.2614954018392643 Loss: 1.990570092201233 
Current Config: LR = 1e-05  WD = 0.0001 Acc:0.2575969612155138 Loss: 2.0214942693710327 
Current Config: LR = 0.0001  WD = 0 Acc:0.5293882447021192 Loss: 1.2848862409591675 
Current Config: LR = 0.0001  WD = 1e-06 Acc:0.5288884446221511 Loss: 1.259246391057968 
Current Config: LR = 0.0001  WD = 1e-05 Acc:0.5247900839664135 Loss: 1.2836392641067504 
Current Config: LR = 0.0001  WD = 0.0001 Acc:0.5268892443022791 Loss: 1.2870758533477782 
Current Config: LR = 0.005  WD = 0 Acc:0.790483806477409 Loss: 0.5732824221253395 
Current Config: LR = 0.005  WD = 1e-06 Acc:0.787485005997601 Loss: 0.5832802832126618 
Current Config: LR = 0.005  WD = 1e-05 Acc:0.7845861655337865 Loss: 0.5982310473918914 
Current Config: LR = 0.005  WD = 0.0001 Acc:0.7993802479008396 Loss: 0.5504317820072174 
Current Config: LR = 0.001  WD = 0 Acc:0.7215113954418233 Loss: 0.7496172279119491 
Current Config: LR = 0.001  WD = 1e-06 Acc:0.7131147540983607 Loss: 0.7553453266620637 
Current Config: LR = 0.001  WD = 1e-05 Acc:0.713014794082367 Loss: 0.7591917306184769 
Current Config: LR = 0.001  WD = 0.0001 Acc:0.7135145941623351 Loss: 0.7588847875595093 
Current Config: LR = 0.05  WD = 0 Acc:0.8092762894842063 Loss: 0.5205117017030716 
Current Config: LR = 0.05  WD = 1e-06 Acc:0.7142143142742903 Loss: 0.7618001133203508 
Current Config: LR = 0.05  WD = 1e-05 Acc:0.7652938824470212 Loss: 0.6307162016630171 
Current Config: LR = 0.05  WD = 0.0001 Acc:0.7938824470211915 Loss: 0.5567726060748099 
Current Config: LR = 0.01  WD = 0 Acc:0.799780087964814 Loss: 0.5464217633008958 
Current Config: LR = 0.01  WD = 1e-06 Acc:0.7902838864454218 Loss: 0.5729737430810928 
Current Config: LR = 0.01  WD = 1e-05 Acc:0.8011795281887245 Loss: 0.562600614130497 
Current Config: LR = 0.01  WD = 0.0001 Acc:0.8132746901239504 Loss: 0.5275204390287399 
